15:17:07.161 [main] DEBUG org.testng.TestNG - suiteXmlPath: "C:\Users\Admin\AppData\Local\Temp\testng-eclipse-730670041\testng-customsuite.xml"
15:17:07.599 [main] INFO  org.testng.internal.Utils - [Utils] MethodGroupsHelper.collectMethodsByGroup() took 1 ms.
15:17:07.604 [main] INFO  org.testng.internal.Utils - [Utils] MethodGroupsHelper.sortMethods() took 3 ms.
15:17:07.608 [main] INFO  org.testng.internal.Utils - [Utils] MethodGroupsHelper.collectMethodsByGroup() took 0 ms.
15:17:07.608 [main] INFO  org.testng.internal.Utils - [Utils] MethodGroupsHelper.sortMethods() took 0 ms.
15:17:07.609 [main] INFO  org.testng.internal.Utils - [Utils] MethodGroupsHelper.collectMethodsByGroup() took 0 ms.
15:17:07.609 [main] INFO  org.testng.internal.Utils - [Utils] MethodGroupsHelper.sortMethods() took 0 ms.
15:17:07.617 [main] INFO  org.testng.internal.Utils - [Utils] MethodGroupsHelper.collectMethodsByGroup() took 0 ms.
15:17:07.618 [main] INFO  org.testng.internal.Utils - [Utils] MethodGroupsHelper.sortMethods() took 1 ms.
15:17:07.624 [main] INFO  org.testng.internal.Utils - [Utils] MethodGroupsHelper.collectMethodsByGroup() took 5 ms.
15:17:07.633 [main] INFO  org.testng.internal.Utils - [Utils] MethodGroupsHelper.sortMethods() took 7 ms.
15:17:07.634 [main] INFO  org.testng.internal.Utils - [Utils] MethodGroupsHelper.collectMethodsByGroup() took 0 ms.
15:17:07.635 [main] INFO  org.testng.internal.Utils - [Utils] MethodGroupsHelper.sortMethods() took 0 ms.
15:17:07.635 [main] INFO  org.testng.internal.Utils - [Utils] MethodGroupsHelper.collectMethodsByGroup() took 0 ms.
15:17:07.636 [main] INFO  org.testng.internal.Utils - [Utils] MethodGroupsHelper.sortMethods() took 0 ms.
15:17:07.636 [main] INFO  org.testng.internal.Utils - [Utils] MethodGroupsHelper.collectMethodsByGroup() took 0 ms.
15:17:07.636 [main] INFO  org.testng.internal.Utils - [Utils] MethodGroupsHelper.sortMethods() took 0 ms.
15:17:07.639 [main] INFO  org.testng.internal.Utils - [Utils] MethodGroupsHelper.collectMethodsByGroup() took 0 ms.
15:17:07.640 [main] INFO  org.testng.internal.Utils - [Utils] MethodGroupsHelper.sortMethods() took 0 ms.
15:17:07.641 [main] INFO  org.testng.internal.Utils - [Utils] MethodGroupsHelper.collectMethodsByGroup() took 0 ms.
15:17:07.641 [main] INFO  org.testng.internal.Utils - [Utils] MethodGroupsHelper.sortMethods() took 0 ms.
15:17:07.644 [main] INFO  org.testng.internal.Utils - [Utils] MethodGroupsHelper.collectMethodsByGroup() took 0 ms.
15:17:07.644 [main] INFO  org.testng.internal.Utils - [Utils] MethodGroupsHelper.sortMethods() took 0 ms.
15:17:07.644 [main] INFO  org.testng.internal.Utils - [Utils] MethodGroupsHelper.collectMethodsByGroup() took 0 ms.
15:17:07.645 [main] INFO  org.testng.internal.Utils - [Utils] MethodGroupsHelper.sortMethods() took 0 ms.
15:17:07.646 [main] INFO  org.testng.internal.Utils - [Utils] MethodGroupsHelper.collectMethodsByGroup() took 1 ms.
15:17:07.646 [main] INFO  org.testng.internal.Utils - [Utils] MethodGroupsHelper.sortMethods() took 0 ms.
15:17:07.648 [main] INFO  org.testng.internal.Utils - [Utils] MethodGroupsHelper.collectMethodsByGroup() took 0 ms.
15:17:07.648 [main] INFO  org.testng.internal.Utils - [Utils] MethodGroupsHelper.sortMethods() took 0 ms.
15:17:07.648 [main] INFO  org.testng.internal.Utils - [Utils] MethodGroupsHelper.collectMethodsByGroup() took 0 ms.
15:17:07.648 [main] INFO  org.testng.internal.Utils - [Utils] MethodGroupsHelper.sortMethods() took 0 ms.
15:17:07.657 [main] INFO  org.testng.internal.Utils - [TestNG] Running:
  C:\Users\Admin\AppData\Local\Temp\testng-eclipse-730670041\testng-customsuite.xml

15:17:07.683 [main] INFO  org.testng.internal.Utils - [Utils] DynamicGraphHelper.createDynamicGraph() took 5 ms.
15:17:10.697 [main] INFO  TestCases.TC001_AcoountRegistrationTest - ******Starting TC001_AcoountRegistrationTest ******
15:17:11.548 [main] INFO  TestCases.TC001_AcoountRegistrationTest - ******Clicked on click_myacc******
15:17:12.130 [main] INFO  TestCases.TC001_AcoountRegistrationTest - ******Clicked on click_register******
15:17:12.134 [main] INFO  TestCases.TC001_AcoountRegistrationTest - ******Providing customer details******
15:17:13.476 [main] INFO  TestCases.TC001_AcoountRegistrationTest - ********Validating expected msg*******
15:17:13.579 [main] ERROR TestCases.TC001_AcoountRegistrationTest - Test failed..
15:17:13.579 [main] DEBUG TestCases.TC001_AcoountRegistrationTest - Debug logs...
15:17:14.309 [main] INFO  org.testng.internal.Utils - [TestNG] Time taken by org.testng.reporters.jq.Main@3daa82be: 134 ms
15:17:14.334 [main] INFO  org.testng.internal.Utils - [TestNG] Time taken by org.testng.reporters.FailedReporter@6441c486: 25 ms
15:17:14.351 [main] INFO  org.testng.internal.Utils - [TestNG] Time taken by org.testng.reporters.XMLReporter@25b5c5e3: 17 ms
15:17:14.380 [main] INFO  org.testng.internal.Utils - [TestNG] Time taken by org.testng.reporters.EmailableReporter2@3a2b2322: 29 ms
15:17:14.410 [main] INFO  org.testng.internal.Utils - [TestNG] Time taken by org.testng.reporters.JUnitReportReporter@7428de63: 29 ms
15:17:14.410 [main] INFO  org.testng.internal.Utils - [TestNG] Time taken by org.testng.internal.ExitCodeListener@66f659e6: 0 ms
18:26:19.859 [main] DEBUG org.testng.TestNG - suiteXmlPath: "D:\Java_Programs\OpencartV121\master.xml"
18:26:20.610 [main] INFO  org.testng.internal.Utils - [TestNG] Running:
  D:\Java_Programs\OpencartV121\master.xml

18:26:28.863 [main] INFO  TestCases.TC001_AcoountRegistrationTest - ******Starting TC001_AcoountRegistrationTest ******
18:26:30.057 [main] INFO  TestCases.TC001_AcoountRegistrationTest - ******Clicked on click_myacc******
18:26:30.752 [main] INFO  TestCases.TC001_AcoountRegistrationTest - ******Clicked on click_register******
18:26:30.759 [main] INFO  TestCases.TC001_AcoountRegistrationTest - ******Providing customer details******
18:26:32.362 [main] INFO  TestCases.TC001_AcoountRegistrationTest - ********Validating expected msg*******
18:26:32.461 [main] ERROR TestCases.TC001_AcoountRegistrationTest - Test failed..
18:26:32.461 [main] DEBUG TestCases.TC001_AcoountRegistrationTest - Debug logs...
18:27:33.767 [main] DEBUG org.testng.TestNG - suiteXmlPath: "D:\Java_Programs\OpencartV121\master.xml"
18:27:34.244 [main] INFO  org.testng.internal.Utils - [TestNG] Running:
  D:\Java_Programs\OpencartV121\master.xml

18:27:39.149 [main] INFO  TestCases.TC001_AcoountRegistrationTest - ******Starting TC001_AcoountRegistrationTest ******
18:27:40.095 [main] INFO  TestCases.TC001_AcoountRegistrationTest - ******Clicked on click_myacc******
18:27:40.772 [main] INFO  TestCases.TC001_AcoountRegistrationTest - ******Clicked on click_register******
18:27:40.776 [main] INFO  TestCases.TC001_AcoountRegistrationTest - ******Providing customer details******
18:27:42.135 [main] INFO  TestCases.TC001_AcoountRegistrationTest - ********Validating expected msg*******
18:27:42.233 [main] ERROR TestCases.TC001_AcoountRegistrationTest - Test failed..
18:27:42.233 [main] DEBUG TestCases.TC001_AcoountRegistrationTest - Debug logs...
18:28:27.369 [main] DEBUG org.testng.TestNG - suiteXmlPath: "D:\Java_Programs\OpencartV121\master.xml"
18:28:27.862 [main] INFO  org.testng.internal.Utils - [TestNG] Running:
  D:\Java_Programs\OpencartV121\master.xml

18:28:32.832 [main] INFO  TestCases.TC001_AcoountRegistrationTest - ******Starting TC001_AcoountRegistrationTest ******
18:28:33.766 [main] INFO  TestCases.TC001_AcoountRegistrationTest - ******Clicked on click_myacc******
18:28:34.354 [main] INFO  TestCases.TC001_AcoountRegistrationTest - ******Clicked on click_register******
18:28:34.362 [main] INFO  TestCases.TC001_AcoountRegistrationTest - ******Providing customer details******
18:28:35.849 [main] INFO  TestCases.TC001_AcoountRegistrationTest - ********Validating expected msg*******
18:28:35.953 [main] INFO  TestCases.TC001_AcoountRegistrationTest - ******Finished TC001_AcoountRegistrationTest ******
18:31:15.186 [main] DEBUG org.testng.TestNG - suiteXmlPath: "D:\Java_Programs\OpencartV121\master.xml"
18:31:15.787 [main] INFO  org.testng.internal.Utils - [TestNG] Running:
  D:\Java_Programs\OpencartV121\master.xml

18:31:18.881 [main] INFO  TestCases.TC001_AcoountRegistrationTest - ******Starting TC001_AcoountRegistrationTest ******
18:31:19.622 [main] INFO  TestCases.TC001_AcoountRegistrationTest - ******Clicked on click_myacc******
18:31:20.201 [main] INFO  TestCases.TC001_AcoountRegistrationTest - ******Clicked on click_register******
18:31:20.205 [main] INFO  TestCases.TC001_AcoountRegistrationTest - ******Providing customer details******
18:31:21.503 [main] INFO  TestCases.TC001_AcoountRegistrationTest - ********Validating expected msg*******
18:31:21.603 [main] INFO  TestCases.TC001_AcoountRegistrationTest - ******Finished TC001_AcoountRegistrationTest ******
18:31:44.332 [main] DEBUG org.testng.TestNG - suiteXmlPath: "D:\Java_Programs\OpencartV121\master.xml"
18:31:44.777 [main] INFO  org.testng.internal.Utils - [TestNG] Running:
  D:\Java_Programs\OpencartV121\master.xml

18:31:44.846 [main] INFO  TestCases.TC001_AcoountRegistrationTest - ******Starting TC001_AcoountRegistrationTest ******
18:32:18.176 [main] DEBUG org.testng.TestNG - suiteXmlPath: "D:\Java_Programs\OpencartV121\master.xml"
18:32:18.610 [main] INFO  org.testng.internal.Utils - [TestNG] Running:
  D:\Java_Programs\OpencartV121\master.xml

18:32:18.681 [main] INFO  TestCases.TC001_AcoountRegistrationTest - ******Starting TC001_AcoountRegistrationTest ******
18:34:00.335 [main] DEBUG org.testng.TestNG - suiteXmlPath: "D:\Java_Programs\OpencartV121\master.xml"
18:34:00.797 [main] INFO  org.testng.internal.Utils - [TestNG] Running:
  D:\Java_Programs\OpencartV121\master.xml

18:34:03.901 [main] INFO  TestCases.TC001_AcoountRegistrationTest - ******Starting TC001_AcoountRegistrationTest ******
18:34:58.142 [main] DEBUG org.testng.TestNG - suiteXmlPath: "D:\Java_Programs\OpencartV121\master.xml"
18:34:58.684 [main] INFO  org.testng.internal.Utils - [TestNG] Running:
  D:\Java_Programs\OpencartV121\master.xml

18:35:35.388 [main] INFO  TestCases.TC001_AcoountRegistrationTest - ******Starting TC001_AcoountRegistrationTest ******
18:35:35.821 [main] INFO  TestCases.TC001_AcoountRegistrationTest - ******Clicked on click_myacc******
18:35:36.513 [main] INFO  TestCases.TC001_AcoountRegistrationTest - ******Clicked on click_register******
18:35:36.517 [main] INFO  TestCases.TC001_AcoountRegistrationTest - ******Providing customer details******
18:35:37.864 [main] INFO  TestCases.TC001_AcoountRegistrationTest - ********Validating expected msg*******
18:35:37.912 [main] INFO  TestCases.TC001_AcoountRegistrationTest - ******Finished TC001_AcoountRegistrationTest ******
18:45:18.499 [main] DEBUG org.testng.TestNG - suiteXmlPath: "D:\Java_Programs\OpencartV121\crossBrowserTesting.xml"
18:45:18.991 [main] INFO  org.testng.internal.Utils - [TestNG] Running:
  D:\Java_Programs\OpencartV121\crossBrowserTesting.xml

18:45:24.854 [TestNG-tests-1] INFO  TestCases.TC001_AcoountRegistrationTest - ******Starting TC001_AcoountRegistrationTest ******
18:45:25.321 [TestNG-tests-1] INFO  TestCases.TC001_AcoountRegistrationTest - ******Clicked on click_myacc******
18:45:26.636 [TestNG-tests-1] INFO  TestCases.TC001_AcoountRegistrationTest - ******Clicked on click_register******
18:45:26.645 [TestNG-tests-1] INFO  TestCases.TC001_AcoountRegistrationTest - ******Providing customer details******
18:45:30.342 [TestNG-tests-3] INFO  TestCases.TC001_AcoountRegistrationTest - ******Starting TC001_AcoountRegistrationTest ******
18:45:30.854 [TestNG-tests-3] INFO  TestCases.TC001_AcoountRegistrationTest - ******Clicked on click_myacc******
18:45:31.295 [TestNG-tests-1] INFO  TestCases.TC001_AcoountRegistrationTest - ********Validating expected msg*******
18:45:31.401 [TestNG-tests-1] INFO  TestCases.TC001_AcoountRegistrationTest - ******Finished TC001_AcoountRegistrationTest ******
18:45:31.875 [TestNG-tests-3] INFO  TestCases.TC001_AcoountRegistrationTest - ******Clicked on click_register******
18:45:31.877 [TestNG-tests-3] INFO  TestCases.TC001_AcoountRegistrationTest - ******Providing customer details******
18:45:36.555 [TestNG-tests-2] INFO  TestCases.TC001_AcoountRegistrationTest - ******Starting TC001_AcoountRegistrationTest ******
18:45:36.764 [TestNG-tests-2] INFO  TestCases.TC001_AcoountRegistrationTest - ******Clicked on click_myacc******
18:45:37.069 [TestNG-tests-3] INFO  TestCases.TC001_AcoountRegistrationTest - ********Validating expected msg*******
18:45:37.147 [TestNG-tests-3] INFO  TestCases.TC001_AcoountRegistrationTest - ******Finished TC001_AcoountRegistrationTest ******
18:45:37.568 [TestNG-tests-2] INFO  TestCases.TC001_AcoountRegistrationTest - ******Clicked on click_register******
18:45:37.569 [TestNG-tests-2] INFO  TestCases.TC001_AcoountRegistrationTest - ******Providing customer details******
18:45:39.758 [TestNG-tests-2] INFO  TestCases.TC001_AcoountRegistrationTest - ********Validating expected msg*******
18:45:39.825 [TestNG-tests-2] INFO  TestCases.TC001_AcoountRegistrationTest - ******Finished TC001_AcoountRegistrationTest ******
09:18:14.708 [main] DEBUG org.testng.TestNG - suiteXmlPath: "D:\Java_Programs\OpencartV121\master.xml"
09:18:15.352 [main] INFO  org.testng.internal.Utils - [TestNG] Running:
  D:\Java_Programs\OpencartV121\master.xml

09:18:20.204 [main] INFO  TestCases.TC001_AcoountRegistrationTest - ******Starting TC001_AcoountRegistrationTest ******
09:18:21.029 [main] INFO  TestCases.TC001_AcoountRegistrationTest - ******Clicked on click_myacc******
09:18:21.709 [main] INFO  TestCases.TC001_AcoountRegistrationTest - ******Clicked on click_register******
09:18:21.712 [main] INFO  TestCases.TC001_AcoountRegistrationTest - ******Providing customer details******
09:18:23.229 [main] INFO  TestCases.TC001_AcoountRegistrationTest - ********Validating expected msg*******
09:18:23.334 [main] INFO  TestCases.TC001_AcoountRegistrationTest - ******Finished TC001_AcoountRegistrationTest ******
10:05:58.867 [main] DEBUG org.testng.TestNG - suiteXmlPath: "C:\Users\Admin\AppData\Local\Temp\testng-eclipse-836956735\testng-customsuite.xml"
10:05:59.357 [main] INFO  org.testng.internal.Utils - [Utils] MethodGroupsHelper.collectMethodsByGroup() took 1 ms.
10:05:59.366 [main] INFO  org.testng.internal.Utils - [Utils] MethodGroupsHelper.sortMethods() took 5 ms.
10:05:59.368 [main] INFO  org.testng.internal.Utils - [Utils] MethodGroupsHelper.collectMethodsByGroup() took 0 ms.
10:05:59.368 [main] INFO  org.testng.internal.Utils - [Utils] MethodGroupsHelper.sortMethods() took 0 ms.
10:05:59.369 [main] INFO  org.testng.internal.Utils - [Utils] MethodGroupsHelper.collectMethodsByGroup() took 0 ms.
10:05:59.369 [main] INFO  org.testng.internal.Utils - [Utils] MethodGroupsHelper.sortMethods() took 0 ms.
10:05:59.370 [main] INFO  org.testng.internal.Utils - [Utils] MethodGroupsHelper.collectMethodsByGroup() took 0 ms.
10:05:59.371 [main] INFO  org.testng.internal.Utils - [Utils] MethodGroupsHelper.sortMethods() took 0 ms.
10:05:59.382 [main] INFO  org.testng.internal.Utils - [Utils] MethodGroupsHelper.collectMethodsByGroup() took 8 ms.
10:05:59.394 [main] INFO  org.testng.internal.Utils - [Utils] MethodGroupsHelper.sortMethods() took 12 ms.
10:05:59.397 [main] INFO  org.testng.internal.Utils - [Utils] MethodGroupsHelper.collectMethodsByGroup() took 0 ms.
10:05:59.398 [main] INFO  org.testng.internal.Utils - [Utils] MethodGroupsHelper.sortMethods() took 0 ms.
10:05:59.398 [main] INFO  org.testng.internal.Utils - [Utils] MethodGroupsHelper.collectMethodsByGroup() took 0 ms.
10:05:59.399 [main] INFO  org.testng.internal.Utils - [Utils] MethodGroupsHelper.sortMethods() took 0 ms.
10:05:59.399 [main] INFO  org.testng.internal.Utils - [Utils] MethodGroupsHelper.collectMethodsByGroup() took 0 ms.
10:05:59.400 [main] INFO  org.testng.internal.Utils - [Utils] MethodGroupsHelper.sortMethods() took 0 ms.
10:05:59.402 [main] INFO  org.testng.internal.Utils - [Utils] MethodGroupsHelper.collectMethodsByGroup() took 0 ms.
10:05:59.403 [main] INFO  org.testng.internal.Utils - [Utils] MethodGroupsHelper.sortMethods() took 0 ms.
10:05:59.403 [main] INFO  org.testng.internal.Utils - [Utils] MethodGroupsHelper.collectMethodsByGroup() took 0 ms.
10:05:59.404 [main] INFO  org.testng.internal.Utils - [Utils] MethodGroupsHelper.sortMethods() took 0 ms.
10:05:59.408 [main] INFO  org.testng.internal.Utils - [Utils] MethodGroupsHelper.collectMethodsByGroup() took 0 ms.
10:05:59.408 [main] INFO  org.testng.internal.Utils - [Utils] MethodGroupsHelper.sortMethods() took 0 ms.
10:05:59.408 [main] INFO  org.testng.internal.Utils - [Utils] MethodGroupsHelper.collectMethodsByGroup() took 0 ms.
10:05:59.409 [main] INFO  org.testng.internal.Utils - [Utils] MethodGroupsHelper.sortMethods() took 0 ms.
10:05:59.410 [main] INFO  org.testng.internal.Utils - [Utils] MethodGroupsHelper.collectMethodsByGroup() took 0 ms.
10:05:59.411 [main] INFO  org.testng.internal.Utils - [Utils] MethodGroupsHelper.sortMethods() took 0 ms.
10:05:59.413 [main] INFO  org.testng.internal.Utils - [Utils] MethodGroupsHelper.collectMethodsByGroup() took 0 ms.
10:05:59.414 [main] INFO  org.testng.internal.Utils - [Utils] MethodGroupsHelper.sortMethods() took 0 ms.
10:05:59.414 [main] INFO  org.testng.internal.Utils - [Utils] MethodGroupsHelper.collectMethodsByGroup() took 0 ms.
10:05:59.414 [main] INFO  org.testng.internal.Utils - [Utils] MethodGroupsHelper.sortMethods() took 0 ms.
10:05:59.423 [main] INFO  org.testng.internal.Utils - [TestNG] Running:
  C:\Users\Admin\AppData\Local\Temp\testng-eclipse-836956735\testng-customsuite.xml

10:05:59.467 [main] INFO  org.testng.internal.Utils - [Utils] DynamicGraphHelper.createDynamicGraph() took 7 ms.
10:05:59.865 [main] INFO  org.testng.internal.Utils - [TestNG] Time taken by org.testng.reporters.jq.Main@470a696f: 194 ms
10:05:59.890 [main] INFO  org.testng.internal.Utils - [TestNG] Time taken by org.testng.reporters.FailedReporter@6f0ca692: 24 ms
10:05:59.919 [main] INFO  org.testng.internal.Utils - [TestNG] Time taken by org.testng.reporters.XMLReporter@533377b: 29 ms
10:05:59.937 [main] INFO  org.testng.internal.Utils - [TestNG] Time taken by org.testng.reporters.EmailableReporter2@768ccdc5: 18 ms
10:05:59.955 [main] INFO  org.testng.internal.Utils - [TestNG] Time taken by org.testng.reporters.JUnitReportReporter@55787112: 18 ms
10:05:59.956 [main] INFO  org.testng.internal.Utils - [TestNG] Time taken by org.testng.internal.ExitCodeListener@1cd201a8: 1 ms
10:07:20.234 [main] DEBUG org.testng.TestNG - suiteXmlPath: "D:\Java_Programs\OpencartV121\master.xml"
10:07:20.734 [main] INFO  org.testng.internal.Utils - [TestNG] Running:
  D:\Java_Programs\OpencartV121\master.xml

10:07:24.141 [main] INFO  TestCases.TC001_AcoountRegistrationTest - ******Starting TC001_AcoountRegistrationTest ******
10:07:24.943 [main] INFO  TestCases.TC001_AcoountRegistrationTest - ******Clicked on click_myacc******
10:07:25.541 [main] INFO  TestCases.TC001_AcoountRegistrationTest - ******Clicked on click_register******
10:07:25.556 [main] INFO  TestCases.TC001_AcoountRegistrationTest - ******Providing customer details******
10:07:26.903 [main] INFO  TestCases.TC001_AcoountRegistrationTest - ********Validating expected msg*******
10:07:27.007 [main] INFO  TestCases.TC001_AcoountRegistrationTest - ******Finished TC001_AcoountRegistrationTest ******
10:09:49.315 [main] DEBUG org.testng.TestNG - suiteXmlPath: "C:\Users\Admin\AppData\Local\Temp\testng-eclipse-25626929\testng-customsuite.xml"
10:09:49.792 [main] INFO  org.testng.internal.Utils - [Utils] MethodGroupsHelper.collectMethodsByGroup() took 2 ms.
10:09:49.800 [main] INFO  org.testng.internal.Utils - [Utils] MethodGroupsHelper.sortMethods() took 4 ms.
10:09:49.803 [main] INFO  org.testng.internal.Utils - [Utils] MethodGroupsHelper.collectMethodsByGroup() took 0 ms.
10:09:49.803 [main] INFO  org.testng.internal.Utils - [Utils] MethodGroupsHelper.sortMethods() took 0 ms.
10:09:49.805 [main] INFO  org.testng.internal.Utils - [Utils] MethodGroupsHelper.collectMethodsByGroup() took 0 ms.
10:09:49.805 [main] INFO  org.testng.internal.Utils - [Utils] MethodGroupsHelper.sortMethods() took 0 ms.
10:09:49.806 [main] INFO  org.testng.internal.Utils - [Utils] MethodGroupsHelper.collectMethodsByGroup() took 0 ms.
10:09:49.807 [main] INFO  org.testng.internal.Utils - [Utils] MethodGroupsHelper.sortMethods() took 0 ms.
10:09:49.815 [main] INFO  org.testng.internal.Utils - [Utils] MethodGroupsHelper.collectMethodsByGroup() took 6 ms.
10:09:49.827 [main] INFO  org.testng.internal.Utils - [Utils] MethodGroupsHelper.sortMethods() took 11 ms.
10:09:49.836 [main] INFO  org.testng.internal.Utils - [Utils] MethodGroupsHelper.collectMethodsByGroup() took 0 ms.
10:09:49.837 [main] INFO  org.testng.internal.Utils - [Utils] MethodGroupsHelper.sortMethods() took 0 ms.
10:09:49.840 [main] INFO  org.testng.internal.Utils - [Utils] MethodGroupsHelper.collectMethodsByGroup() took 0 ms.
10:09:49.840 [main] INFO  org.testng.internal.Utils - [Utils] MethodGroupsHelper.sortMethods() took 0 ms.
10:09:49.840 [main] INFO  org.testng.internal.Utils - [Utils] MethodGroupsHelper.collectMethodsByGroup() took 0 ms.
10:09:49.841 [main] INFO  org.testng.internal.Utils - [Utils] MethodGroupsHelper.sortMethods() took 0 ms.
10:09:49.844 [main] INFO  org.testng.internal.Utils - [Utils] MethodGroupsHelper.collectMethodsByGroup() took 0 ms.
10:09:49.844 [main] INFO  org.testng.internal.Utils - [Utils] MethodGroupsHelper.sortMethods() took 0 ms.
10:09:49.845 [main] INFO  org.testng.internal.Utils - [Utils] MethodGroupsHelper.collectMethodsByGroup() took 0 ms.
10:09:49.845 [main] INFO  org.testng.internal.Utils - [Utils] MethodGroupsHelper.sortMethods() took 0 ms.
10:09:49.849 [main] INFO  org.testng.internal.Utils - [Utils] MethodGroupsHelper.collectMethodsByGroup() took 0 ms.
10:09:49.850 [main] INFO  org.testng.internal.Utils - [Utils] MethodGroupsHelper.sortMethods() took 0 ms.
10:09:49.850 [main] INFO  org.testng.internal.Utils - [Utils] MethodGroupsHelper.collectMethodsByGroup() took 0 ms.
10:09:49.850 [main] INFO  org.testng.internal.Utils - [Utils] MethodGroupsHelper.sortMethods() took 0 ms.
10:09:49.852 [main] INFO  org.testng.internal.Utils - [Utils] MethodGroupsHelper.collectMethodsByGroup() took 0 ms.
10:09:49.852 [main] INFO  org.testng.internal.Utils - [Utils] MethodGroupsHelper.sortMethods() took 0 ms.
10:09:49.855 [main] INFO  org.testng.internal.Utils - [Utils] MethodGroupsHelper.collectMethodsByGroup() took 1 ms.
10:09:49.855 [main] INFO  org.testng.internal.Utils - [Utils] MethodGroupsHelper.sortMethods() took 0 ms.
10:09:49.855 [main] INFO  org.testng.internal.Utils - [Utils] MethodGroupsHelper.collectMethodsByGroup() took 0 ms.
10:09:49.855 [main] INFO  org.testng.internal.Utils - [Utils] MethodGroupsHelper.sortMethods() took 0 ms.
10:09:49.868 [main] INFO  org.testng.internal.Utils - [TestNG] Running:
  C:\Users\Admin\AppData\Local\Temp\testng-eclipse-25626929\testng-customsuite.xml

10:09:49.909 [main] INFO  org.testng.internal.Utils - [Utils] DynamicGraphHelper.createDynamicGraph() took 3 ms.
10:09:50.195 [main] INFO  org.testng.internal.Utils - [TestNG] Time taken by org.testng.reporters.jq.Main@83298d7: 134 ms
10:09:50.227 [main] INFO  org.testng.internal.Utils - [TestNG] Time taken by org.testng.reporters.FailedReporter@77602954: 32 ms
10:09:50.255 [main] INFO  org.testng.internal.Utils - [TestNG] Time taken by org.testng.reporters.XMLReporter@2c104774: 27 ms
10:09:50.270 [main] INFO  org.testng.internal.Utils - [TestNG] Time taken by org.testng.reporters.EmailableReporter2@533377b: 14 ms
10:09:50.294 [main] INFO  org.testng.internal.Utils - [TestNG] Time taken by org.testng.reporters.JUnitReportReporter@74e47444: 24 ms
10:09:50.294 [main] INFO  org.testng.internal.Utils - [TestNG] Time taken by org.testng.internal.ExitCodeListener@9bd0fa6: 0 ms
10:42:50.823 [main] DEBUG org.testng.TestNG - suiteXmlPath: "D:\Java_Programs\OpencartV121\master.xml"
10:42:51.491 [main] INFO  org.testng.internal.Utils - [TestNG] Running:
  D:\Java_Programs\OpencartV121\master.xml

10:42:55.698 [main] INFO  TestCases.TC001_AcoountRegistrationTest - ******Starting TC001_AcoountRegistrationTest ******
10:42:56.682 [main] INFO  TestCases.TC001_AcoountRegistrationTest - ******Clicked on click_myacc******
10:42:57.244 [main] INFO  TestCases.TC001_AcoountRegistrationTest - ******Clicked on click_register******
10:42:57.248 [main] INFO  TestCases.TC001_AcoountRegistrationTest - ******Providing customer details******
10:42:58.693 [main] INFO  TestCases.TC001_AcoountRegistrationTest - ********Validating expected msg*******
10:42:58.800 [main] INFO  TestCases.TC001_AcoountRegistrationTest - ******Finished TC001_AcoountRegistrationTest ******
10:43:01.900 [main] INFO  TestCases.TC002_LoginTest - ******Starting TC002_LoginTest ******
10:43:03.250 [main] INFO  TestCases.TC002_LoginTest - ******Clicked on click_to_login page******
10:43:03.251 [main] INFO  TestCases.TC002_LoginTest - ******Providing customer valid email and vaild pwd******
10:43:04.201 [main] INFO  TestCases.TC002_LoginTest - ********Validating expected msg*******
10:43:04.201 [main] INFO  TestCases.TC002_LoginTest - ******Finished TC001_AcoountRegistrationTest ******
13:11:07.130 [main] DEBUG org.testng.TestNG - suiteXmlPath: "C:\Users\Admin\AppData\Local\Temp\testng-eclipse-1342222554\testng-customsuite.xml"
13:11:07.769 [main] INFO  org.testng.internal.Utils - [Utils] MethodGroupsHelper.collectMethodsByGroup() took 1 ms.
13:11:07.776 [main] INFO  org.testng.internal.Utils - [Utils] MethodGroupsHelper.sortMethods() took 3 ms.
13:11:07.778 [main] INFO  org.testng.internal.Utils - [Utils] MethodGroupsHelper.collectMethodsByGroup() took 0 ms.
13:11:07.778 [main] INFO  org.testng.internal.Utils - [Utils] MethodGroupsHelper.sortMethods() took 0 ms.
13:11:07.779 [main] INFO  org.testng.internal.Utils - [Utils] MethodGroupsHelper.collectMethodsByGroup() took 0 ms.
13:11:07.779 [main] INFO  org.testng.internal.Utils - [Utils] MethodGroupsHelper.sortMethods() took 0 ms.
13:11:07.780 [main] INFO  org.testng.internal.Utils - [Utils] MethodGroupsHelper.collectMethodsByGroup() took 0 ms.
13:11:07.780 [main] INFO  org.testng.internal.Utils - [Utils] MethodGroupsHelper.sortMethods() took 0 ms.
13:11:07.790 [main] INFO  org.testng.internal.Utils - [Utils] MethodGroupsHelper.collectMethodsByGroup() took 5 ms.
13:11:07.805 [main] INFO  org.testng.internal.Utils - [Utils] MethodGroupsHelper.sortMethods() took 15 ms.
13:11:07.807 [main] INFO  org.testng.internal.Utils - [Utils] MethodGroupsHelper.collectMethodsByGroup() took 0 ms.
13:11:07.807 [main] INFO  org.testng.internal.Utils - [Utils] MethodGroupsHelper.sortMethods() took 0 ms.
13:11:07.808 [main] INFO  org.testng.internal.Utils - [Utils] MethodGroupsHelper.collectMethodsByGroup() took 0 ms.
13:11:07.808 [main] INFO  org.testng.internal.Utils - [Utils] MethodGroupsHelper.sortMethods() took 0 ms.
13:11:07.809 [main] INFO  org.testng.internal.Utils - [Utils] MethodGroupsHelper.collectMethodsByGroup() took 0 ms.
13:11:07.809 [main] INFO  org.testng.internal.Utils - [Utils] MethodGroupsHelper.sortMethods() took 0 ms.
13:11:07.812 [main] INFO  org.testng.internal.Utils - [Utils] MethodGroupsHelper.collectMethodsByGroup() took 0 ms.
13:11:07.812 [main] INFO  org.testng.internal.Utils - [Utils] MethodGroupsHelper.sortMethods() took 0 ms.
13:11:07.813 [main] INFO  org.testng.internal.Utils - [Utils] MethodGroupsHelper.collectMethodsByGroup() took 0 ms.
13:11:07.813 [main] INFO  org.testng.internal.Utils - [Utils] MethodGroupsHelper.sortMethods() took 0 ms.
13:11:07.816 [main] INFO  org.testng.internal.Utils - [Utils] MethodGroupsHelper.collectMethodsByGroup() took 0 ms.
13:11:07.816 [main] INFO  org.testng.internal.Utils - [Utils] MethodGroupsHelper.sortMethods() took 0 ms.
13:11:07.816 [main] INFO  org.testng.internal.Utils - [Utils] MethodGroupsHelper.collectMethodsByGroup() took 0 ms.
13:11:07.816 [main] INFO  org.testng.internal.Utils - [Utils] MethodGroupsHelper.sortMethods() took 0 ms.
13:11:07.818 [main] INFO  org.testng.internal.Utils - [Utils] MethodGroupsHelper.collectMethodsByGroup() took 1 ms.
13:11:07.819 [main] INFO  org.testng.internal.Utils - [Utils] MethodGroupsHelper.sortMethods() took 0 ms.
13:11:07.822 [main] INFO  org.testng.internal.Utils - [Utils] MethodGroupsHelper.collectMethodsByGroup() took 0 ms.
13:11:07.822 [main] INFO  org.testng.internal.Utils - [Utils] MethodGroupsHelper.sortMethods() took 0 ms.
13:11:07.823 [main] INFO  org.testng.internal.Utils - [Utils] MethodGroupsHelper.collectMethodsByGroup() took 0 ms.
13:11:07.823 [main] INFO  org.testng.internal.Utils - [Utils] MethodGroupsHelper.sortMethods() took 0 ms.
13:11:07.833 [main] INFO  org.testng.internal.Utils - [TestNG] Running:
  C:\Users\Admin\AppData\Local\Temp\testng-eclipse-1342222554\testng-customsuite.xml

13:11:07.871 [main] INFO  org.testng.internal.Utils - [Utils] DynamicGraphHelper.createDynamicGraph() took 10 ms.
13:11:08.253 [main] INFO  org.testng.internal.Utils - [TestNG] Time taken by org.testng.reporters.jq.Main@470a696f: 136 ms
13:11:08.281 [main] INFO  org.testng.internal.Utils - [TestNG] Time taken by org.testng.reporters.FailedReporter@6f0ca692: 27 ms
13:11:08.298 [main] INFO  org.testng.internal.Utils - [TestNG] Time taken by org.testng.reporters.XMLReporter@533377b: 17 ms
13:11:08.327 [main] INFO  org.testng.internal.Utils - [TestNG] Time taken by org.testng.reporters.EmailableReporter2@768ccdc5: 28 ms
13:11:08.353 [main] INFO  org.testng.internal.Utils - [TestNG] Time taken by org.testng.reporters.JUnitReportReporter@55787112: 25 ms
13:11:08.356 [main] INFO  org.testng.internal.Utils - [TestNG] Time taken by org.testng.internal.ExitCodeListener@1cd201a8: 0 ms
13:11:27.624 [main] DEBUG org.testng.TestNG - suiteXmlPath: "C:\Users\Admin\AppData\Local\Temp\testng-eclipse--553789377\testng-customsuite.xml"
13:11:28.108 [main] INFO  org.testng.internal.Utils - [Utils] MethodGroupsHelper.collectMethodsByGroup() took 0 ms.
13:11:28.113 [main] INFO  org.testng.internal.Utils - [Utils] MethodGroupsHelper.sortMethods() took 2 ms.
13:11:28.116 [main] INFO  org.testng.internal.Utils - [Utils] MethodGroupsHelper.collectMethodsByGroup() took 0 ms.
13:11:28.116 [main] INFO  org.testng.internal.Utils - [Utils] MethodGroupsHelper.sortMethods() took 0 ms.
13:11:28.119 [main] INFO  org.testng.internal.Utils - [Utils] MethodGroupsHelper.collectMethodsByGroup() took 0 ms.
13:11:28.120 [main] INFO  org.testng.internal.Utils - [Utils] MethodGroupsHelper.sortMethods() took 0 ms.
13:11:28.121 [main] INFO  org.testng.internal.Utils - [Utils] MethodGroupsHelper.collectMethodsByGroup() took 0 ms.
13:11:28.122 [main] INFO  org.testng.internal.Utils - [Utils] MethodGroupsHelper.sortMethods() took 0 ms.
13:11:28.131 [main] INFO  org.testng.internal.Utils - [Utils] MethodGroupsHelper.collectMethodsByGroup() took 4 ms.
13:11:28.144 [main] INFO  org.testng.internal.Utils - [Utils] MethodGroupsHelper.sortMethods() took 13 ms.
13:11:28.150 [main] INFO  org.testng.internal.Utils - [Utils] MethodGroupsHelper.collectMethodsByGroup() took 0 ms.
13:11:28.151 [main] INFO  org.testng.internal.Utils - [Utils] MethodGroupsHelper.sortMethods() took 0 ms.
13:11:28.153 [main] INFO  org.testng.internal.Utils - [Utils] MethodGroupsHelper.collectMethodsByGroup() took 0 ms.
13:11:28.154 [main] INFO  org.testng.internal.Utils - [Utils] MethodGroupsHelper.sortMethods() took 0 ms.
13:11:28.154 [main] INFO  org.testng.internal.Utils - [Utils] MethodGroupsHelper.collectMethodsByGroup() took 0 ms.
13:11:28.155 [main] INFO  org.testng.internal.Utils - [Utils] MethodGroupsHelper.sortMethods() took 0 ms.
13:11:28.158 [main] INFO  org.testng.internal.Utils - [Utils] MethodGroupsHelper.collectMethodsByGroup() took 0 ms.
13:11:28.158 [main] INFO  org.testng.internal.Utils - [Utils] MethodGroupsHelper.sortMethods() took 0 ms.
13:11:28.159 [main] INFO  org.testng.internal.Utils - [Utils] MethodGroupsHelper.collectMethodsByGroup() took 0 ms.
13:11:28.160 [main] INFO  org.testng.internal.Utils - [Utils] MethodGroupsHelper.sortMethods() took 0 ms.
13:11:28.164 [main] INFO  org.testng.internal.Utils - [Utils] MethodGroupsHelper.collectMethodsByGroup() took 0 ms.
13:11:28.165 [main] INFO  org.testng.internal.Utils - [Utils] MethodGroupsHelper.sortMethods() took 0 ms.
13:11:28.165 [main] INFO  org.testng.internal.Utils - [Utils] MethodGroupsHelper.collectMethodsByGroup() took 0 ms.
13:11:28.166 [main] INFO  org.testng.internal.Utils - [Utils] MethodGroupsHelper.sortMethods() took 0 ms.
13:11:28.168 [main] INFO  org.testng.internal.Utils - [Utils] MethodGroupsHelper.collectMethodsByGroup() took 0 ms.
13:11:28.168 [main] INFO  org.testng.internal.Utils - [Utils] MethodGroupsHelper.sortMethods() took 0 ms.
13:11:28.171 [main] INFO  org.testng.internal.Utils - [Utils] MethodGroupsHelper.collectMethodsByGroup() took 0 ms.
13:11:28.171 [main] INFO  org.testng.internal.Utils - [Utils] MethodGroupsHelper.sortMethods() took 0 ms.
13:11:28.171 [main] INFO  org.testng.internal.Utils - [Utils] MethodGroupsHelper.collectMethodsByGroup() took 0 ms.
13:11:28.172 [main] INFO  org.testng.internal.Utils - [Utils] MethodGroupsHelper.sortMethods() took 0 ms.
13:11:28.182 [main] INFO  org.testng.internal.Utils - [TestNG] Running:
  C:\Users\Admin\AppData\Local\Temp\testng-eclipse--553789377\testng-customsuite.xml

13:11:28.222 [main] INFO  org.testng.internal.Utils - [Utils] DynamicGraphHelper.createDynamicGraph() took 8 ms.
13:11:28.508 [main] INFO  org.testng.internal.Utils - [TestNG] Time taken by org.testng.reporters.jq.Main@470a696f: 126 ms
13:11:28.535 [main] INFO  org.testng.internal.Utils - [TestNG] Time taken by org.testng.reporters.FailedReporter@6f0ca692: 27 ms
13:11:28.565 [main] INFO  org.testng.internal.Utils - [TestNG] Time taken by org.testng.reporters.XMLReporter@533377b: 30 ms
13:11:28.585 [main] INFO  org.testng.internal.Utils - [TestNG] Time taken by org.testng.reporters.EmailableReporter2@768ccdc5: 16 ms
13:11:28.599 [main] INFO  org.testng.internal.Utils - [TestNG] Time taken by org.testng.reporters.JUnitReportReporter@55787112: 13 ms
13:11:28.599 [main] INFO  org.testng.internal.Utils - [TestNG] Time taken by org.testng.internal.ExitCodeListener@1cd201a8: 0 ms
13:16:49.567 [main] DEBUG org.testng.TestNG - suiteXmlPath: "D:\Java_Programs\OpencartV121\master.xml"
13:16:50.271 [main] INFO  org.testng.internal.Utils - [TestNG] Running:
  D:\Java_Programs\OpencartV121\master.xml

13:17:27.806 [main] DEBUG org.testng.TestNG - suiteXmlPath: "D:\Java_Programs\OpencartV121\master.xml"
13:17:28.378 [main] INFO  org.testng.internal.Utils - [TestNG] Running:
  D:\Java_Programs\OpencartV121\master.xml

13:17:32.356 [main] INFO  TestCases.TC001_AcoountRegistrationTest - ******Starting TC001_AcoountRegistrationTest ******
13:17:33.300 [main] INFO  TestCases.TC001_AcoountRegistrationTest - ******Clicked on click_myacc******
13:17:34.001 [main] INFO  TestCases.TC001_AcoountRegistrationTest - ******Clicked on click_register******
13:17:34.008 [main] INFO  TestCases.TC001_AcoountRegistrationTest - ******Providing customer details******
13:17:35.861 [main] INFO  TestCases.TC001_AcoountRegistrationTest - ********Validating expected msg*******
13:17:35.909 [main] INFO  TestCases.TC001_AcoountRegistrationTest - ******Finished TC001_AcoountRegistrationTest ******
13:17:39.167 [main] INFO  TestCases.TC002_LoginTest - ******Starting TC002_LoginTest ******
13:17:40.527 [main] INFO  TestCases.TC002_LoginTest - ******Clicked on click_to_login page******
13:17:40.532 [main] INFO  TestCases.TC002_LoginTest - ******Providing customer valid email and vaild pwd******
13:17:41.724 [main] INFO  TestCases.TC002_LoginTest - ********Validating expected msg*******
13:17:41.724 [main] INFO  TestCases.TC002_LoginTest - ******Finished TC001_AcoountRegistrationTest ******
21:26:18.805 [main] DEBUG org.testng.TestNG - suiteXmlPath: "D:\Java_Programs\OpencartV121\master.xml"
21:26:19.587 [main] INFO  org.testng.internal.Utils - [TestNG] Running:
  D:\Java_Programs\OpencartV121\master.xml

21:27:19.403 [main] DEBUG org.testng.TestNG - suiteXmlPath: "D:\Java_Programs\OpencartV121\master.xml"
21:27:19.974 [main] INFO  org.testng.internal.Utils - [TestNG] Running:
  D:\Java_Programs\OpencartV121\master.xml

21:29:48.303 [main] DEBUG org.testng.TestNG - suiteXmlPath: "D:\Java_Programs\OpencartV121\master.xml"
21:29:48.826 [main] INFO  org.testng.internal.Utils - [TestNG] Running:
  D:\Java_Programs\OpencartV121\master.xml

21:58:11.050 [main] DEBUG org.testng.TestNG - suiteXmlPath: "D:\Java_Programs\OpencartV121\master.xml"
21:58:11.661 [main] INFO  org.testng.internal.Utils - [TestNG] Running:
  D:\Java_Programs\OpencartV121\master.xml

21:59:17.973 [main] DEBUG org.testng.TestNG - suiteXmlPath: "D:\Java_Programs\OpencartV121\master.xml"
21:59:18.730 [main] INFO  org.testng.internal.Utils - [TestNG] Running:
  D:\Java_Programs\OpencartV121\master.xml

21:59:22.659 [main] DEBUG org.apache.poi.openxml4j.opc.PackageRelationshipCollection - Parsing relationship: /xl/_rels/workbook.xml.rels
21:59:22.667 [main] DEBUG org.apache.poi.openxml4j.opc.PackageRelationshipCollection - Parsing relationship: /xl/worksheets/_rels/sheet1.xml.rels
21:59:22.669 [main] DEBUG org.apache.poi.openxml4j.opc.PackageRelationshipCollection - Parsing relationship: /_rels/.rels
21:59:23.609 [main] DEBUG org.apache.poi.ooxml.POIXMLFactory - using default POIXMLDocumentPart for http://schemas.openxmlformats.org/officeDocument/2006/relationships/printerSettings
21:59:23.777 [main] DEBUG org.apache.poi.openxml4j.opc.PackageRelationshipCollection - Parsing relationship: /xl/_rels/workbook.xml.rels
21:59:23.779 [main] DEBUG org.apache.poi.openxml4j.opc.PackageRelationshipCollection - Parsing relationship: /xl/worksheets/_rels/sheet1.xml.rels
21:59:23.784 [main] DEBUG org.apache.poi.openxml4j.opc.PackageRelationshipCollection - Parsing relationship: /_rels/.rels
21:59:23.811 [main] DEBUG org.apache.poi.ooxml.POIXMLFactory - using default POIXMLDocumentPart for http://schemas.openxmlformats.org/officeDocument/2006/relationships/printerSettings
21:59:23.842 [main] DEBUG org.apache.poi.openxml4j.opc.PackageRelationshipCollection - Parsing relationship: /xl/_rels/workbook.xml.rels
21:59:23.844 [main] DEBUG org.apache.poi.openxml4j.opc.PackageRelationshipCollection - Parsing relationship: /xl/worksheets/_rels/sheet1.xml.rels
21:59:23.846 [main] DEBUG org.apache.poi.openxml4j.opc.PackageRelationshipCollection - Parsing relationship: /_rels/.rels
21:59:23.866 [main] DEBUG org.apache.poi.ooxml.POIXMLFactory - using default POIXMLDocumentPart for http://schemas.openxmlformats.org/officeDocument/2006/relationships/printerSettings
21:59:23.901 [main] DEBUG org.apache.poi.openxml4j.opc.PackageRelationshipCollection - Parsing relationship: /xl/_rels/workbook.xml.rels
21:59:23.902 [main] DEBUG org.apache.poi.openxml4j.opc.PackageRelationshipCollection - Parsing relationship: /xl/worksheets/_rels/sheet1.xml.rels
21:59:23.904 [main] DEBUG org.apache.poi.openxml4j.opc.PackageRelationshipCollection - Parsing relationship: /_rels/.rels
21:59:23.919 [main] DEBUG org.apache.poi.ooxml.POIXMLFactory - using default POIXMLDocumentPart for http://schemas.openxmlformats.org/officeDocument/2006/relationships/printerSettings
21:59:23.956 [main] DEBUG org.apache.poi.openxml4j.opc.PackageRelationshipCollection - Parsing relationship: /xl/_rels/workbook.xml.rels
21:59:23.959 [main] DEBUG org.apache.poi.openxml4j.opc.PackageRelationshipCollection - Parsing relationship: /xl/worksheets/_rels/sheet1.xml.rels
21:59:23.960 [main] DEBUG org.apache.poi.openxml4j.opc.PackageRelationshipCollection - Parsing relationship: /_rels/.rels
21:59:23.992 [main] DEBUG org.apache.poi.ooxml.POIXMLFactory - using default POIXMLDocumentPart for http://schemas.openxmlformats.org/officeDocument/2006/relationships/printerSettings
21:59:24.020 [main] DEBUG org.apache.poi.openxml4j.opc.PackageRelationshipCollection - Parsing relationship: /xl/_rels/workbook.xml.rels
21:59:24.023 [main] DEBUG org.apache.poi.openxml4j.opc.PackageRelationshipCollection - Parsing relationship: /xl/worksheets/_rels/sheet1.xml.rels
21:59:24.025 [main] DEBUG org.apache.poi.openxml4j.opc.PackageRelationshipCollection - Parsing relationship: /_rels/.rels
21:59:24.038 [main] DEBUG org.apache.poi.ooxml.POIXMLFactory - using default POIXMLDocumentPart for http://schemas.openxmlformats.org/officeDocument/2006/relationships/printerSettings
21:59:24.060 [main] DEBUG org.apache.poi.openxml4j.opc.PackageRelationshipCollection - Parsing relationship: /xl/_rels/workbook.xml.rels
21:59:24.062 [main] DEBUG org.apache.poi.openxml4j.opc.PackageRelationshipCollection - Parsing relationship: /xl/worksheets/_rels/sheet1.xml.rels
21:59:24.065 [main] DEBUG org.apache.poi.openxml4j.opc.PackageRelationshipCollection - Parsing relationship: /_rels/.rels
21:59:24.084 [main] DEBUG org.apache.poi.ooxml.POIXMLFactory - using default POIXMLDocumentPart for http://schemas.openxmlformats.org/officeDocument/2006/relationships/printerSettings
21:59:24.105 [main] DEBUG org.apache.poi.openxml4j.opc.PackageRelationshipCollection - Parsing relationship: /xl/_rels/workbook.xml.rels
21:59:24.107 [main] DEBUG org.apache.poi.openxml4j.opc.PackageRelationshipCollection - Parsing relationship: /xl/worksheets/_rels/sheet1.xml.rels
21:59:24.109 [main] DEBUG org.apache.poi.openxml4j.opc.PackageRelationshipCollection - Parsing relationship: /_rels/.rels
21:59:24.151 [main] DEBUG org.apache.poi.ooxml.POIXMLFactory - using default POIXMLDocumentPart for http://schemas.openxmlformats.org/officeDocument/2006/relationships/printerSettings
21:59:24.200 [main] DEBUG org.apache.poi.openxml4j.opc.PackageRelationshipCollection - Parsing relationship: /xl/_rels/workbook.xml.rels
21:59:24.203 [main] DEBUG org.apache.poi.openxml4j.opc.PackageRelationshipCollection - Parsing relationship: /xl/worksheets/_rels/sheet1.xml.rels
21:59:24.213 [main] DEBUG org.apache.poi.openxml4j.opc.PackageRelationshipCollection - Parsing relationship: /_rels/.rels
21:59:24.325 [main] DEBUG org.apache.poi.ooxml.POIXMLFactory - using default POIXMLDocumentPart for http://schemas.openxmlformats.org/officeDocument/2006/relationships/printerSettings
21:59:24.373 [main] DEBUG org.apache.poi.openxml4j.opc.PackageRelationshipCollection - Parsing relationship: /xl/_rels/workbook.xml.rels
21:59:24.375 [main] DEBUG org.apache.poi.openxml4j.opc.PackageRelationshipCollection - Parsing relationship: /xl/worksheets/_rels/sheet1.xml.rels
21:59:24.376 [main] DEBUG org.apache.poi.openxml4j.opc.PackageRelationshipCollection - Parsing relationship: /_rels/.rels
21:59:24.416 [main] DEBUG org.apache.poi.ooxml.POIXMLFactory - using default POIXMLDocumentPart for http://schemas.openxmlformats.org/officeDocument/2006/relationships/printerSettings
21:59:24.513 [main] DEBUG org.apache.poi.openxml4j.opc.PackageRelationshipCollection - Parsing relationship: /xl/_rels/workbook.xml.rels
21:59:24.518 [main] DEBUG org.apache.poi.openxml4j.opc.PackageRelationshipCollection - Parsing relationship: /xl/worksheets/_rels/sheet1.xml.rels
21:59:24.521 [main] DEBUG org.apache.poi.openxml4j.opc.PackageRelationshipCollection - Parsing relationship: /_rels/.rels
21:59:24.550 [main] DEBUG org.apache.poi.ooxml.POIXMLFactory - using default POIXMLDocumentPart for http://schemas.openxmlformats.org/officeDocument/2006/relationships/printerSettings
21:59:24.591 [main] DEBUG org.apache.poi.openxml4j.opc.PackageRelationshipCollection - Parsing relationship: /xl/_rels/workbook.xml.rels
21:59:24.594 [main] DEBUG org.apache.poi.openxml4j.opc.PackageRelationshipCollection - Parsing relationship: /xl/worksheets/_rels/sheet1.xml.rels
21:59:24.595 [main] DEBUG org.apache.poi.openxml4j.opc.PackageRelationshipCollection - Parsing relationship: /_rels/.rels
21:59:24.627 [main] DEBUG org.apache.poi.ooxml.POIXMLFactory - using default POIXMLDocumentPart for http://schemas.openxmlformats.org/officeDocument/2006/relationships/printerSettings
21:59:24.661 [main] DEBUG org.apache.poi.openxml4j.opc.PackageRelationshipCollection - Parsing relationship: /xl/_rels/workbook.xml.rels
21:59:24.666 [main] DEBUG org.apache.poi.openxml4j.opc.PackageRelationshipCollection - Parsing relationship: /xl/worksheets/_rels/sheet1.xml.rels
21:59:24.675 [main] DEBUG org.apache.poi.openxml4j.opc.PackageRelationshipCollection - Parsing relationship: /_rels/.rels
21:59:24.738 [main] DEBUG org.apache.poi.ooxml.POIXMLFactory - using default POIXMLDocumentPart for http://schemas.openxmlformats.org/officeDocument/2006/relationships/printerSettings
21:59:24.770 [main] DEBUG org.apache.poi.openxml4j.opc.PackageRelationshipCollection - Parsing relationship: /xl/_rels/workbook.xml.rels
21:59:24.773 [main] DEBUG org.apache.poi.openxml4j.opc.PackageRelationshipCollection - Parsing relationship: /xl/worksheets/_rels/sheet1.xml.rels
21:59:24.775 [main] DEBUG org.apache.poi.openxml4j.opc.PackageRelationshipCollection - Parsing relationship: /_rels/.rels
21:59:24.794 [main] DEBUG org.apache.poi.ooxml.POIXMLFactory - using default POIXMLDocumentPart for http://schemas.openxmlformats.org/officeDocument/2006/relationships/printerSettings
21:59:24.812 [main] DEBUG org.apache.poi.openxml4j.opc.PackageRelationshipCollection - Parsing relationship: /xl/_rels/workbook.xml.rels
21:59:24.813 [main] DEBUG org.apache.poi.openxml4j.opc.PackageRelationshipCollection - Parsing relationship: /xl/worksheets/_rels/sheet1.xml.rels
21:59:24.816 [main] DEBUG org.apache.poi.openxml4j.opc.PackageRelationshipCollection - Parsing relationship: /_rels/.rels
21:59:24.832 [main] DEBUG org.apache.poi.ooxml.POIXMLFactory - using default POIXMLDocumentPart for http://schemas.openxmlformats.org/officeDocument/2006/relationships/printerSettings
21:59:24.851 [main] DEBUG org.apache.poi.openxml4j.opc.PackageRelationshipCollection - Parsing relationship: /xl/_rels/workbook.xml.rels
21:59:24.852 [main] DEBUG org.apache.poi.openxml4j.opc.PackageRelationshipCollection - Parsing relationship: /xl/worksheets/_rels/sheet1.xml.rels
21:59:24.853 [main] DEBUG org.apache.poi.openxml4j.opc.PackageRelationshipCollection - Parsing relationship: /_rels/.rels
21:59:24.868 [main] DEBUG org.apache.poi.ooxml.POIXMLFactory - using default POIXMLDocumentPart for http://schemas.openxmlformats.org/officeDocument/2006/relationships/printerSettings
21:59:24.883 [main] DEBUG org.apache.poi.openxml4j.opc.PackageRelationshipCollection - Parsing relationship: /xl/_rels/workbook.xml.rels
21:59:24.884 [main] DEBUG org.apache.poi.openxml4j.opc.PackageRelationshipCollection - Parsing relationship: /xl/worksheets/_rels/sheet1.xml.rels
21:59:24.885 [main] DEBUG org.apache.poi.openxml4j.opc.PackageRelationshipCollection - Parsing relationship: /_rels/.rels
21:59:24.899 [main] DEBUG org.apache.poi.ooxml.POIXMLFactory - using default POIXMLDocumentPart for http://schemas.openxmlformats.org/officeDocument/2006/relationships/printerSettings
21:59:24.937 [main] INFO  TestCases.TC003_LoginDDT - ********Satrting TC003_LoginDDT*****
21:59:27.267 [main] INFO  TestCases.TC003_LoginDDT - ******* Finished TC003_LoginDDT***********
21:59:27.276 [main] INFO  TestCases.TC003_LoginDDT - ********Satrting TC003_LoginDDT*****
21:59:38.419 [main] INFO  TestCases.TC003_LoginDDT - ******* Finished TC003_LoginDDT***********
21:59:38.423 [main] INFO  TestCases.TC003_LoginDDT - ********Satrting TC003_LoginDDT*****
21:59:40.214 [main] INFO  TestCases.TC003_LoginDDT - ******* Finished TC003_LoginDDT***********
21:59:40.241 [main] INFO  TestCases.TC003_LoginDDT - ********Satrting TC003_LoginDDT*****
21:59:41.887 [main] INFO  TestCases.TC003_LoginDDT - ******* Finished TC003_LoginDDT***********
21:59:41.920 [main] INFO  TestCases.TC003_LoginDDT - ********Satrting TC003_LoginDDT*****
21:59:53.003 [main] INFO  TestCases.TC003_LoginDDT - ******* Finished TC003_LoginDDT***********
10:43:42.348 [main] DEBUG org.testng.TestNG - suiteXmlPath: "D:\Java_Programs\OpencartV121\master.xml"
10:43:42.904 [main] INFO  org.testng.internal.Utils - [TestNG] Running:
  D:\Java_Programs\OpencartV121\master.xml

10:43:52.441 [main] DEBUG org.apache.poi.openxml4j.opc.PackageRelationshipCollection - Parsing relationship: /xl/_rels/workbook.xml.rels
10:43:52.451 [main] DEBUG org.apache.poi.openxml4j.opc.PackageRelationshipCollection - Parsing relationship: /xl/worksheets/_rels/sheet1.xml.rels
10:43:52.457 [main] DEBUG org.apache.poi.openxml4j.opc.PackageRelationshipCollection - Parsing relationship: /_rels/.rels
10:43:53.879 [main] DEBUG org.apache.poi.ooxml.POIXMLFactory - using default POIXMLDocumentPart for http://schemas.openxmlformats.org/officeDocument/2006/relationships/printerSettings
10:43:54.181 [main] DEBUG org.apache.poi.openxml4j.opc.PackageRelationshipCollection - Parsing relationship: /xl/_rels/workbook.xml.rels
10:43:54.187 [main] DEBUG org.apache.poi.openxml4j.opc.PackageRelationshipCollection - Parsing relationship: /xl/worksheets/_rels/sheet1.xml.rels
10:43:54.189 [main] DEBUG org.apache.poi.openxml4j.opc.PackageRelationshipCollection - Parsing relationship: /_rels/.rels
10:43:54.246 [main] DEBUG org.apache.poi.ooxml.POIXMLFactory - using default POIXMLDocumentPart for http://schemas.openxmlformats.org/officeDocument/2006/relationships/printerSettings
10:43:54.292 [main] DEBUG org.apache.poi.openxml4j.opc.PackageRelationshipCollection - Parsing relationship: /xl/_rels/workbook.xml.rels
10:43:54.296 [main] DEBUG org.apache.poi.openxml4j.opc.PackageRelationshipCollection - Parsing relationship: /xl/worksheets/_rels/sheet1.xml.rels
