10:43:54.300 [main] DEBUG org.apache.poi.openxml4j.opc.PackageRelationshipCollection - Parsing relationship: /_rels/.rels
10:43:54.357 [main] DEBUG org.apache.poi.ooxml.POIXMLFactory - using default POIXMLDocumentPart for http://schemas.openxmlformats.org/officeDocument/2006/relationships/printerSettings
10:43:54.436 [main] DEBUG org.apache.poi.openxml4j.opc.PackageRelationshipCollection - Parsing relationship: /xl/_rels/workbook.xml.rels
10:43:54.437 [main] DEBUG org.apache.poi.openxml4j.opc.PackageRelationshipCollection - Parsing relationship: /xl/worksheets/_rels/sheet1.xml.rels
10:43:54.439 [main] DEBUG org.apache.poi.openxml4j.opc.PackageRelationshipCollection - Parsing relationship: /_rels/.rels
10:43:54.489 [main] DEBUG org.apache.poi.ooxml.POIXMLFactory - using default POIXMLDocumentPart for http://schemas.openxmlformats.org/officeDocument/2006/relationships/printerSettings
10:43:54.571 [main] DEBUG org.apache.poi.openxml4j.opc.PackageRelationshipCollection - Parsing relationship: /xl/_rels/workbook.xml.rels
10:43:54.579 [main] DEBUG org.apache.poi.openxml4j.opc.PackageRelationshipCollection - Parsing relationship: /xl/worksheets/_rels/sheet1.xml.rels
10:43:54.585 [main] DEBUG org.apache.poi.openxml4j.opc.PackageRelationshipCollection - Parsing relationship: /_rels/.rels
10:43:54.630 [main] DEBUG org.apache.poi.ooxml.POIXMLFactory - using default POIXMLDocumentPart for http://schemas.openxmlformats.org/officeDocument/2006/relationships/printerSettings
10:43:54.752 [main] DEBUG org.apache.poi.openxml4j.opc.PackageRelationshipCollection - Parsing relationship: /xl/_rels/workbook.xml.rels
10:43:54.757 [main] DEBUG org.apache.poi.openxml4j.opc.PackageRelationshipCollection - Parsing relationship: /xl/worksheets/_rels/sheet1.xml.rels
10:43:54.765 [main] DEBUG org.apache.poi.openxml4j.opc.PackageRelationshipCollection - Parsing relationship: /_rels/.rels
10:43:54.797 [main] DEBUG org.apache.poi.ooxml.POIXMLFactory - using default POIXMLDocumentPart for http://schemas.openxmlformats.org/officeDocument/2006/relationships/printerSettings
10:43:54.847 [main] DEBUG org.apache.poi.openxml4j.opc.PackageRelationshipCollection - Parsing relationship: /xl/_rels/workbook.xml.rels
10:43:54.849 [main] DEBUG org.apache.poi.openxml4j.opc.PackageRelationshipCollection - Parsing relationship: /xl/worksheets/_rels/sheet1.xml.rels
10:43:54.850 [main] DEBUG org.apache.poi.openxml4j.opc.PackageRelationshipCollection - Parsing relationship: /_rels/.rels
10:43:55.022 [main] DEBUG org.apache.poi.ooxml.POIXMLFactory - using default POIXMLDocumentPart for http://schemas.openxmlformats.org/officeDocument/2006/relationships/printerSettings
10:43:55.105 [main] DEBUG org.apache.poi.openxml4j.opc.PackageRelationshipCollection - Parsing relationship: /xl/_rels/workbook.xml.rels
10:43:55.120 [main] DEBUG org.apache.poi.openxml4j.opc.PackageRelationshipCollection - Parsing relationship: /xl/worksheets/_rels/sheet1.xml.rels
10:43:55.122 [main] DEBUG org.apache.poi.openxml4j.opc.PackageRelationshipCollection - Parsing relationship: /_rels/.rels
10:43:55.246 [main] DEBUG org.apache.poi.ooxml.POIXMLFactory - using default POIXMLDocumentPart for http://schemas.openxmlformats.org/officeDocument/2006/relationships/printerSettings
10:43:55.359 [main] DEBUG org.apache.poi.openxml4j.opc.PackageRelationshipCollection - Parsing relationship: /xl/_rels/workbook.xml.rels
10:43:55.363 [main] DEBUG org.apache.poi.openxml4j.opc.PackageRelationshipCollection - Parsing relationship: /xl/worksheets/_rels/sheet1.xml.rels
10:43:55.381 [main] DEBUG org.apache.poi.openxml4j.opc.PackageRelationshipCollection - Parsing relationship: /_rels/.rels
10:43:55.503 [main] DEBUG org.apache.poi.ooxml.POIXMLFactory - using default POIXMLDocumentPart for http://schemas.openxmlformats.org/officeDocument/2006/relationships/printerSettings
10:43:55.555 [main] DEBUG org.apache.poi.openxml4j.opc.PackageRelationshipCollection - Parsing relationship: /xl/_rels/workbook.xml.rels
10:43:55.557 [main] DEBUG org.apache.poi.openxml4j.opc.PackageRelationshipCollection - Parsing relationship: /xl/worksheets/_rels/sheet1.xml.rels
10:43:55.562 [main] DEBUG org.apache.poi.openxml4j.opc.PackageRelationshipCollection - Parsing relationship: /_rels/.rels
10:43:55.652 [main] DEBUG org.apache.poi.ooxml.POIXMLFactory - using default POIXMLDocumentPart for http://schemas.openxmlformats.org/officeDocument/2006/relationships/printerSettings
10:43:55.681 [main] DEBUG org.apache.poi.openxml4j.opc.PackageRelationshipCollection - Parsing relationship: /xl/_rels/workbook.xml.rels
10:43:55.682 [main] DEBUG org.apache.poi.openxml4j.opc.PackageRelationshipCollection - Parsing relationship: /xl/worksheets/_rels/sheet1.xml.rels
10:43:55.684 [main] DEBUG org.apache.poi.openxml4j.opc.PackageRelationshipCollection - Parsing relationship: /_rels/.rels
10:43:55.733 [main] DEBUG org.apache.poi.ooxml.POIXMLFactory - using default POIXMLDocumentPart for http://schemas.openxmlformats.org/officeDocument/2006/relationships/printerSettings
10:43:55.766 [main] DEBUG org.apache.poi.openxml4j.opc.PackageRelationshipCollection - Parsing relationship: /xl/_rels/workbook.xml.rels
10:43:55.767 [main] DEBUG org.apache.poi.openxml4j.opc.PackageRelationshipCollection - Parsing relationship: /xl/worksheets/_rels/sheet1.xml.rels
10:43:55.768 [main] DEBUG org.apache.poi.openxml4j.opc.PackageRelationshipCollection - Parsing relationship: /_rels/.rels
10:43:55.800 [main] DEBUG org.apache.poi.ooxml.POIXMLFactory - using default POIXMLDocumentPart for http://schemas.openxmlformats.org/officeDocument/2006/relationships/printerSettings
10:43:55.817 [main] DEBUG org.apache.poi.openxml4j.opc.PackageRelationshipCollection - Parsing relationship: /xl/_rels/workbook.xml.rels
10:43:55.818 [main] DEBUG org.apache.poi.openxml4j.opc.PackageRelationshipCollection - Parsing relationship: /xl/worksheets/_rels/sheet1.xml.rels
10:43:55.821 [main] DEBUG org.apache.poi.openxml4j.opc.PackageRelationshipCollection - Parsing relationship: /_rels/.rels
10:43:55.870 [main] DEBUG org.apache.poi.ooxml.POIXMLFactory - using default POIXMLDocumentPart for http://schemas.openxmlformats.org/officeDocument/2006/relationships/printerSettings
10:43:55.903 [main] DEBUG org.apache.poi.openxml4j.opc.PackageRelationshipCollection - Parsing relationship: /xl/_rels/workbook.xml.rels
10:43:55.905 [main] DEBUG org.apache.poi.openxml4j.opc.PackageRelationshipCollection - Parsing relationship: /xl/worksheets/_rels/sheet1.xml.rels
10:43:55.906 [main] DEBUG org.apache.poi.openxml4j.opc.PackageRelationshipCollection - Parsing relationship: /_rels/.rels
10:43:55.948 [main] DEBUG org.apache.poi.ooxml.POIXMLFactory - using default POIXMLDocumentPart for http://schemas.openxmlformats.org/officeDocument/2006/relationships/printerSettings
10:43:56.065 [main] DEBUG org.apache.poi.openxml4j.opc.PackageRelationshipCollection - Parsing relationship: /xl/_rels/workbook.xml.rels
10:43:56.077 [main] DEBUG org.apache.poi.openxml4j.opc.PackageRelationshipCollection - Parsing relationship: /xl/worksheets/_rels/sheet1.xml.rels
10:43:56.082 [main] DEBUG org.apache.poi.openxml4j.opc.PackageRelationshipCollection - Parsing relationship: /_rels/.rels
10:43:56.200 [main] DEBUG org.apache.poi.ooxml.POIXMLFactory - using default POIXMLDocumentPart for http://schemas.openxmlformats.org/officeDocument/2006/relationships/printerSettings
10:43:56.365 [main] DEBUG org.apache.poi.openxml4j.opc.PackageRelationshipCollection - Parsing relationship: /xl/_rels/workbook.xml.rels
10:43:56.394 [main] DEBUG org.apache.poi.openxml4j.opc.PackageRelationshipCollection - Parsing relationship: /xl/worksheets/_rels/sheet1.xml.rels
10:43:56.399 [main] DEBUG org.apache.poi.openxml4j.opc.PackageRelationshipCollection - Parsing relationship: /_rels/.rels
10:43:56.435 [main] DEBUG org.apache.poi.ooxml.POIXMLFactory - using default POIXMLDocumentPart for http://schemas.openxmlformats.org/officeDocument/2006/relationships/printerSettings
10:43:56.555 [main] DEBUG org.apache.poi.openxml4j.opc.PackageRelationshipCollection - Parsing relationship: /xl/_rels/workbook.xml.rels
10:43:56.560 [main] DEBUG org.apache.poi.openxml4j.opc.PackageRelationshipCollection - Parsing relationship: /xl/worksheets/_rels/sheet1.xml.rels
10:43:56.564 [main] DEBUG org.apache.poi.openxml4j.opc.PackageRelationshipCollection - Parsing relationship: /_rels/.rels
10:43:56.600 [main] DEBUG org.apache.poi.ooxml.POIXMLFactory - using default POIXMLDocumentPart for http://schemas.openxmlformats.org/officeDocument/2006/relationships/printerSettings
10:44:21.490 [main] DEBUG org.testng.TestNG - suiteXmlPath: "D:\Java_Programs\OpencartV121\master.xml"
10:44:21.959 [main] INFO  org.testng.internal.Utils - [TestNG] Running:
  D:\Java_Programs\OpencartV121\master.xml

10:44:26.497 [main] DEBUG org.apache.poi.openxml4j.opc.PackageRelationshipCollection - Parsing relationship: /xl/_rels/workbook.xml.rels
10:44:26.503 [main] DEBUG org.apache.poi.openxml4j.opc.PackageRelationshipCollection - Parsing relationship: /xl/worksheets/_rels/sheet1.xml.rels
10:44:26.518 [main] DEBUG org.apache.poi.openxml4j.opc.PackageRelationshipCollection - Parsing relationship: /_rels/.rels
10:44:27.326 [main] DEBUG org.apache.poi.ooxml.POIXMLFactory - using default POIXMLDocumentPart for http://schemas.openxmlformats.org/officeDocument/2006/relationships/printerSettings
10:44:27.480 [main] DEBUG org.apache.poi.openxml4j.opc.PackageRelationshipCollection - Parsing relationship: /xl/_rels/workbook.xml.rels
10:44:27.482 [main] DEBUG org.apache.poi.openxml4j.opc.PackageRelationshipCollection - Parsing relationship: /xl/worksheets/_rels/sheet1.xml.rels
10:44:27.487 [main] DEBUG org.apache.poi.openxml4j.opc.PackageRelationshipCollection - Parsing relationship: /_rels/.rels
10:44:27.516 [main] DEBUG org.apache.poi.ooxml.POIXMLFactory - using default POIXMLDocumentPart for http://schemas.openxmlformats.org/officeDocument/2006/relationships/printerSettings
10:44:27.550 [main] DEBUG org.apache.poi.openxml4j.opc.PackageRelationshipCollection - Parsing relationship: /xl/_rels/workbook.xml.rels
10:44:27.556 [main] DEBUG org.apache.poi.openxml4j.opc.PackageRelationshipCollection - Parsing relationship: /xl/worksheets/_rels/sheet1.xml.rels
10:44:27.558 [main] DEBUG org.apache.poi.openxml4j.opc.PackageRelationshipCollection - Parsing relationship: /_rels/.rels
10:44:27.578 [main] DEBUG org.apache.poi.ooxml.POIXMLFactory - using default POIXMLDocumentPart for http://schemas.openxmlformats.org/officeDocument/2006/relationships/printerSettings
10:44:27.621 [main] DEBUG org.apache.poi.openxml4j.opc.PackageRelationshipCollection - Parsing relationship: /xl/_rels/workbook.xml.rels
10:44:27.623 [main] DEBUG org.apache.poi.openxml4j.opc.PackageRelationshipCollection - Parsing relationship: /xl/worksheets/_rels/sheet1.xml.rels
10:44:27.625 [main] DEBUG org.apache.poi.openxml4j.opc.PackageRelationshipCollection - Parsing relationship: /_rels/.rels
10:44:27.639 [main] DEBUG org.apache.poi.ooxml.POIXMLFactory - using default POIXMLDocumentPart for http://schemas.openxmlformats.org/officeDocument/2006/relationships/printerSettings
10:44:27.694 [main] DEBUG org.apache.poi.openxml4j.opc.PackageRelationshipCollection - Parsing relationship: /xl/_rels/workbook.xml.rels
10:44:27.696 [main] DEBUG org.apache.poi.openxml4j.opc.PackageRelationshipCollection - Parsing relationship: /xl/worksheets/_rels/sheet1.xml.rels
10:44:27.698 [main] DEBUG org.apache.poi.openxml4j.opc.PackageRelationshipCollection - Parsing relationship: /_rels/.rels
10:44:27.728 [main] DEBUG org.apache.poi.ooxml.POIXMLFactory - using default POIXMLDocumentPart for http://schemas.openxmlformats.org/officeDocument/2006/relationships/printerSettings
10:44:27.769 [main] DEBUG org.apache.poi.openxml4j.opc.PackageRelationshipCollection - Parsing relationship: /xl/_rels/workbook.xml.rels
10:44:27.774 [main] DEBUG org.apache.poi.openxml4j.opc.PackageRelationshipCollection - Parsing relationship: /xl/worksheets/_rels/sheet1.xml.rels
10:44:27.779 [main] DEBUG org.apache.poi.openxml4j.opc.PackageRelationshipCollection - Parsing relationship: /_rels/.rels
10:44:27.809 [main] DEBUG org.apache.poi.ooxml.POIXMLFactory - using default POIXMLDocumentPart for http://schemas.openxmlformats.org/officeDocument/2006/relationships/printerSettings
10:44:27.846 [main] DEBUG org.apache.poi.openxml4j.opc.PackageRelationshipCollection - Parsing relationship: /xl/_rels/workbook.xml.rels
10:44:27.848 [main] DEBUG org.apache.poi.openxml4j.opc.PackageRelationshipCollection - Parsing relationship: /xl/worksheets/_rels/sheet1.xml.rels
10:44:27.849 [main] DEBUG org.apache.poi.openxml4j.opc.PackageRelationshipCollection - Parsing relationship: /_rels/.rels
10:44:27.912 [main] DEBUG org.apache.poi.ooxml.POIXMLFactory - using default POIXMLDocumentPart for http://schemas.openxmlformats.org/officeDocument/2006/relationships/printerSettings
10:44:27.949 [main] DEBUG org.apache.poi.openxml4j.opc.PackageRelationshipCollection - Parsing relationship: /xl/_rels/workbook.xml.rels
10:44:27.951 [main] DEBUG org.apache.poi.openxml4j.opc.PackageRelationshipCollection - Parsing relationship: /xl/worksheets/_rels/sheet1.xml.rels
10:44:27.952 [main] DEBUG org.apache.poi.openxml4j.opc.PackageRelationshipCollection - Parsing relationship: /_rels/.rels
10:44:27.981 [main] DEBUG org.apache.poi.ooxml.POIXMLFactory - using default POIXMLDocumentPart for http://schemas.openxmlformats.org/officeDocument/2006/relationships/printerSettings
10:44:28.005 [main] DEBUG org.apache.poi.openxml4j.opc.PackageRelationshipCollection - Parsing relationship: /xl/_rels/workbook.xml.rels
10:44:28.008 [main] DEBUG org.apache.poi.openxml4j.opc.PackageRelationshipCollection - Parsing relationship: /xl/worksheets/_rels/sheet1.xml.rels
10:44:28.009 [main] DEBUG org.apache.poi.openxml4j.opc.PackageRelationshipCollection - Parsing relationship: /_rels/.rels
10:44:28.028 [main] DEBUG org.apache.poi.ooxml.POIXMLFactory - using default POIXMLDocumentPart for http://schemas.openxmlformats.org/officeDocument/2006/relationships/printerSettings
10:44:28.057 [main] DEBUG org.apache.poi.openxml4j.opc.PackageRelationshipCollection - Parsing relationship: /xl/_rels/workbook.xml.rels
10:44:28.058 [main] DEBUG org.apache.poi.openxml4j.opc.PackageRelationshipCollection - Parsing relationship: /xl/worksheets/_rels/sheet1.xml.rels
10:44:28.060 [main] DEBUG org.apache.poi.openxml4j.opc.PackageRelationshipCollection - Parsing relationship: /_rels/.rels
10:44:28.121 [main] DEBUG org.apache.poi.ooxml.POIXMLFactory - using default POIXMLDocumentPart for http://schemas.openxmlformats.org/officeDocument/2006/relationships/printerSettings
10:44:28.163 [main] DEBUG org.apache.poi.openxml4j.opc.PackageRelationshipCollection - Parsing relationship: /xl/_rels/workbook.xml.rels
10:44:28.164 [main] DEBUG org.apache.poi.openxml4j.opc.PackageRelationshipCollection - Parsing relationship: /xl/worksheets/_rels/sheet1.xml.rels
10:44:28.166 [main] DEBUG org.apache.poi.openxml4j.opc.PackageRelationshipCollection - Parsing relationship: /_rels/.rels
10:44:28.185 [main] DEBUG org.apache.poi.ooxml.POIXMLFactory - using default POIXMLDocumentPart for http://schemas.openxmlformats.org/officeDocument/2006/relationships/printerSettings
10:44:28.217 [main] DEBUG org.apache.poi.openxml4j.opc.PackageRelationshipCollection - Parsing relationship: /xl/_rels/workbook.xml.rels
10:44:28.219 [main] DEBUG org.apache.poi.openxml4j.opc.PackageRelationshipCollection - Parsing relationship: /xl/worksheets/_rels/sheet1.xml.rels
10:44:28.221 [main] DEBUG org.apache.poi.openxml4j.opc.PackageRelationshipCollection - Parsing relationship: /_rels/.rels
10:44:28.235 [main] DEBUG org.apache.poi.ooxml.POIXMLFactory - using default POIXMLDocumentPart for http://schemas.openxmlformats.org/officeDocument/2006/relationships/printerSettings
10:44:28.262 [main] DEBUG org.apache.poi.openxml4j.opc.PackageRelationshipCollection - Parsing relationship: /xl/_rels/workbook.xml.rels
10:44:28.264 [main] DEBUG org.apache.poi.openxml4j.opc.PackageRelationshipCollection - Parsing relationship: /xl/worksheets/_rels/sheet1.xml.rels
10:44:28.268 [main] DEBUG org.apache.poi.openxml4j.opc.PackageRelationshipCollection - Parsing relationship: /_rels/.rels
10:44:28.294 [main] DEBUG org.apache.poi.ooxml.POIXMLFactory - using default POIXMLDocumentPart for http://schemas.openxmlformats.org/officeDocument/2006/relationships/printerSettings
10:44:28.315 [main] DEBUG org.apache.poi.openxml4j.opc.PackageRelationshipCollection - Parsing relationship: /xl/_rels/workbook.xml.rels
10:44:28.316 [main] DEBUG org.apache.poi.openxml4j.opc.PackageRelationshipCollection - Parsing relationship: /xl/worksheets/_rels/sheet1.xml.rels
10:44:28.317 [main] DEBUG org.apache.poi.openxml4j.opc.PackageRelationshipCollection - Parsing relationship: /_rels/.rels
10:44:28.328 [main] DEBUG org.apache.poi.ooxml.POIXMLFactory - using default POIXMLDocumentPart for http://schemas.openxmlformats.org/officeDocument/2006/relationships/printerSettings
10:44:28.344 [main] DEBUG org.apache.poi.openxml4j.opc.PackageRelationshipCollection - Parsing relationship: /xl/_rels/workbook.xml.rels
10:44:28.345 [main] DEBUG org.apache.poi.openxml4j.opc.PackageRelationshipCollection - Parsing relationship: /xl/worksheets/_rels/sheet1.xml.rels
10:44:28.346 [main] DEBUG org.apache.poi.openxml4j.opc.PackageRelationshipCollection - Parsing relationship: /_rels/.rels
10:44:28.364 [main] DEBUG org.apache.poi.ooxml.POIXMLFactory - using default POIXMLDocumentPart for http://schemas.openxmlformats.org/officeDocument/2006/relationships/printerSettings
10:44:28.377 [main] DEBUG org.apache.poi.openxml4j.opc.PackageRelationshipCollection - Parsing relationship: /xl/_rels/workbook.xml.rels
10:44:28.379 [main] DEBUG org.apache.poi.openxml4j.opc.PackageRelationshipCollection - Parsing relationship: /xl/worksheets/_rels/sheet1.xml.rels
10:44:28.380 [main] DEBUG org.apache.poi.openxml4j.opc.PackageRelationshipCollection - Parsing relationship: /_rels/.rels
10:44:28.393 [main] DEBUG org.apache.poi.ooxml.POIXMLFactory - using default POIXMLDocumentPart for http://schemas.openxmlformats.org/officeDocument/2006/relationships/printerSettings
10:44:28.406 [main] DEBUG org.apache.poi.openxml4j.opc.PackageRelationshipCollection - Parsing relationship: /xl/_rels/workbook.xml.rels
10:44:28.407 [main] DEBUG org.apache.poi.openxml4j.opc.PackageRelationshipCollection - Parsing relationship: /xl/worksheets/_rels/sheet1.xml.rels
10:44:28.408 [main] DEBUG org.apache.poi.openxml4j.opc.PackageRelationshipCollection - Parsing relationship: /_rels/.rels
10:44:28.419 [main] DEBUG org.apache.poi.ooxml.POIXMLFactory - using default POIXMLDocumentPart for http://schemas.openxmlformats.org/officeDocument/2006/relationships/printerSettings
10:44:28.454 [main] INFO  TestCases.TC003_LoginDDT - ********Satrting TC003_LoginDDT*****
10:44:31.212 [main] INFO  TestCases.TC003_LoginDDT - ******* Finished TC003_LoginDDT***********
10:44:31.244 [main] INFO  TestCases.TC003_LoginDDT - ********Satrting TC003_LoginDDT*****
10:44:42.888 [main] INFO  TestCases.TC003_LoginDDT - ******* Finished TC003_LoginDDT***********
10:44:42.896 [main] INFO  TestCases.TC003_LoginDDT - ********Satrting TC003_LoginDDT*****
10:44:45.207 [main] INFO  TestCases.TC003_LoginDDT - ******* Finished TC003_LoginDDT***********
10:44:45.245 [main] INFO  TestCases.TC003_LoginDDT - ********Satrting TC003_LoginDDT*****
10:44:47.691 [main] INFO  TestCases.TC003_LoginDDT - ******* Finished TC003_LoginDDT***********
10:44:47.706 [main] INFO  TestCases.TC003_LoginDDT - ********Satrting TC003_LoginDDT*****
10:44:58.917 [main] INFO  TestCases.TC003_LoginDDT - ******* Finished TC003_LoginDDT***********
09:11:06.580 [main] DEBUG org.testng.TestNG - suiteXmlPath: "D:\Java_Programs\OpencartV121\grouping.xml"
09:11:07.771 [main] INFO  org.testng.internal.Utils - [TestNG] Running:
  D:\Java_Programs\OpencartV121\grouping.xml

09:11:14.446 [main] INFO  TestCases.TC001_AcoountRegistrationTest - ******Starting TC001_AcoountRegistrationTest ******
09:11:15.558 [main] INFO  TestCases.TC001_AcoountRegistrationTest - ******Clicked on click_myacc******
09:11:16.581 [main] INFO  TestCases.TC001_AcoountRegistrationTest - ******Clicked on click_register******
09:11:16.584 [main] INFO  TestCases.TC001_AcoountRegistrationTest - ******Providing customer details******
09:11:18.867 [main] INFO  TestCases.TC001_AcoountRegistrationTest - ********Validating expected msg*******
09:11:18.948 [main] INFO  TestCases.TC001_AcoountRegistrationTest - ******Finished TC001_AcoountRegistrationTest ******
09:13:25.069 [main] DEBUG org.testng.TestNG - suiteXmlPath: "D:\Java_Programs\OpencartV121\grouping.xml"
09:13:26.177 [main] INFO  org.testng.internal.Utils - [TestNG] Running:
  D:\Java_Programs\OpencartV121\grouping.xml

09:13:31.872 [main] INFO  TestCases.TC001_AcoountRegistrationTest - ******Starting TC001_AcoountRegistrationTest ******
09:13:33.440 [main] INFO  TestCases.TC001_AcoountRegistrationTest - ******Clicked on click_myacc******
09:13:34.310 [main] INFO  TestCases.TC001_AcoountRegistrationTest - ******Clicked on click_register******
09:13:34.314 [main] INFO  TestCases.TC001_AcoountRegistrationTest - ******Providing customer details******
09:13:36.956 [main] INFO  TestCases.TC001_AcoountRegistrationTest - ********Validating expected msg*******
09:13:37.030 [main] INFO  TestCases.TC001_AcoountRegistrationTest - ******Finished TC001_AcoountRegistrationTest ******
09:13:42.033 [main] INFO  TestCases.TC002_LoginTest - ******Starting TC002_LoginTest ******
09:13:44.064 [main] INFO  TestCases.TC002_LoginTest - ******Clicked on click_to_login page******
09:13:44.068 [main] INFO  TestCases.TC002_LoginTest - ******Providing customer valid email and vaild pwd******
09:13:45.535 [main] INFO  TestCases.TC002_LoginTest - ********Validating expected msg*******
09:13:45.535 [main] INFO  TestCases.TC002_LoginTest - ******Finished TC001_AcoountRegistrationTest ******
09:14:54.778 [main] DEBUG org.testng.TestNG - suiteXmlPath: "D:\Java_Programs\OpencartV121\grouping.xml"
09:14:55.469 [main] INFO  org.testng.internal.Utils - [TestNG] Running:
  D:\Java_Programs\OpencartV121\grouping.xml

09:14:59.429 [main] INFO  TestCases.TC002_LoginTest - ******Starting TC002_LoginTest ******
09:15:01.304 [main] INFO  TestCases.TC002_LoginTest - ******Clicked on click_to_login page******
09:15:01.306 [main] INFO  TestCases.TC002_LoginTest - ******Providing customer valid email and vaild pwd******
09:15:02.657 [main] INFO  TestCases.TC002_LoginTest - ********Validating expected msg*******
09:15:02.661 [main] INFO  TestCases.TC002_LoginTest - ******Finished TC001_AcoountRegistrationTest ******
09:15:37.249 [main] DEBUG org.testng.TestNG - suiteXmlPath: "D:\Java_Programs\OpencartV121\grouping.xml"
09:15:37.977 [main] INFO  org.testng.internal.Utils - [TestNG] Running:
  D:\Java_Programs\OpencartV121\grouping.xml

09:15:41.919 [main] INFO  TestCases.TC001_AcoountRegistrationTest - ******Starting TC001_AcoountRegistrationTest ******
09:15:43.197 [main] INFO  TestCases.TC001_AcoountRegistrationTest - ******Clicked on click_myacc******
09:15:44.025 [main] INFO  TestCases.TC001_AcoountRegistrationTest - ******Clicked on click_register******
09:15:44.030 [main] INFO  TestCases.TC001_AcoountRegistrationTest - ******Providing customer details******
09:15:46.047 [main] INFO  TestCases.TC001_AcoountRegistrationTest - ********Validating expected msg*******
09:15:46.191 [main] INFO  TestCases.TC001_AcoountRegistrationTest - ******Finished TC001_AcoountRegistrationTest ******
19:37:15.304 [main] DEBUG org.testng.TestNG - suiteXmlPath: "D:\Java_Programs\OpencartV121\grouping.xml"
19:38:28.990 [main] DEBUG org.testng.TestNG - suiteXmlPath: "D:\Java_Programs\OpencartV121\grouping.xml"
19:38:29.900 [main] INFO  org.testng.internal.Utils - [TestNG] Running:
  D:\Java_Programs\OpencartV121\grouping.xml

19:38:36.288 [main] INFO  TestCases.TC001_AcoountRegistrationTest - ******Starting TC001_AcoountRegistrationTest ******
19:38:37.509 [main] INFO  TestCases.TC001_AcoountRegistrationTest - ******Clicked on click_myacc******
19:38:38.490 [main] INFO  TestCases.TC001_AcoountRegistrationTest - ******Clicked on click_register******
19:38:38.499 [main] INFO  TestCases.TC001_AcoountRegistrationTest - ******Providing customer details******
19:38:40.451 [main] INFO  TestCases.TC001_AcoountRegistrationTest - ********Validating expected msg*******
19:38:40.592 [main] INFO  TestCases.TC001_AcoountRegistrationTest - ******Finished TC001_AcoountRegistrationTest ******
19:38:44.572 [main] INFO  TestCases.TC002_LoginTest - ******Starting TC002_LoginTest ******
19:38:46.499 [main] INFO  TestCases.TC002_LoginTest - ******Clicked on click_to_login page******
19:38:46.507 [main] INFO  TestCases.TC002_LoginTest - ******Providing customer valid email and vaild pwd******
19:38:47.806 [main] INFO  TestCases.TC002_LoginTest - ********Validating expected msg*******
19:38:47.806 [main] INFO  TestCases.TC002_LoginTest - ******Finished TC001_AcoountRegistrationTest ******
19:42:41.973 [main] DEBUG org.testng.TestNG - suiteXmlPath: "D:\Java_Programs\OpencartV121\grouping.xml"
19:42:42.710 [main] INFO  org.testng.internal.Utils - [TestNG] Running:
  D:\Java_Programs\OpencartV121\grouping.xml

19:42:47.360 [main] INFO  TestCases.TC001_AcoountRegistrationTest - ******Starting TC001_AcoountRegistrationTest ******
19:42:48.630 [main] INFO  TestCases.TC001_AcoountRegistrationTest - ******Clicked on click_myacc******
19:42:49.389 [main] INFO  TestCases.TC001_AcoountRegistrationTest - ******Clicked on click_register******
19:42:49.393 [main] INFO  TestCases.TC001_AcoountRegistrationTest - ******Providing customer details******
19:42:51.362 [main] INFO  TestCases.TC001_AcoountRegistrationTest - ********Validating expected msg*******
19:42:51.498 [main] INFO  TestCases.TC001_AcoountRegistrationTest - ******Finished TC001_AcoountRegistrationTest ******
19:42:55.263 [main] INFO  TestCases.TC002_LoginTest - ******Starting TC002_LoginTest ******
19:42:57.192 [main] INFO  TestCases.TC002_LoginTest - ******Clicked on click_to_login page******
19:42:57.194 [main] INFO  TestCases.TC002_LoginTest - ******Providing customer valid email and vaild pwd******
19:43:08.324 [main] INFO  TestCases.TC002_LoginTest - ********Validating expected msg*******
21:39:40.034 [main] DEBUG org.testng.TestNG - suiteXmlPath: "D:\Java_Programs\OpencartV121\test-output\testng-failed.xml"
21:39:40.883 [main] INFO  org.testng.internal.Utils - [TestNG] Running:
  D:\Java_Programs\OpencartV121\test-output\testng-failed.xml

21:39:46.508 [main] INFO  TestCases.TC002_LoginTest - ******Starting TC002_LoginTest ******
21:39:48.116 [main] INFO  TestCases.TC002_LoginTest - ******Clicked on click_to_login page******
21:39:48.121 [main] INFO  TestCases.TC002_LoginTest - ******Providing customer valid email and vaild pwd******
21:39:49.286 [main] INFO  TestCases.TC002_LoginTest - ********Validating expected msg*******
21:39:49.292 [main] INFO  TestCases.TC002_LoginTest - ******Finished TC001_AcoountRegistrationTest ******
21:41:01.603 [main] DEBUG org.testng.TestNG - suiteXmlPath: "D:\Java_Programs\OpencartV121\master.xml"
21:42:00.483 [main] DEBUG org.testng.TestNG - suiteXmlPath: "D:\Java_Programs\OpencartV121\master.xml"
21:44:43.766 [main] DEBUG org.testng.TestNG - suiteXmlPath: "D:\Java_Programs\OpencartV121\master.xml"
21:47:55.871 [main] DEBUG org.testng.TestNG - suiteXmlPath: "D:\Java_Programs\OpencartV121\master.xml"
21:47:56.532 [main] INFO  org.testng.internal.Utils - [TestNG] Running:
  D:\Java_Programs\OpencartV121\master.xml

21:48:01.682 [main] INFO  TestCases.TC001_AcoountRegistrationTest - ******Starting TC001_AcoountRegistrationTest ******
21:48:02.919 [main] INFO  TestCases.TC001_AcoountRegistrationTest - ******Clicked on click_myacc******
21:48:03.707 [main] INFO  TestCases.TC001_AcoountRegistrationTest - ******Clicked on click_register******
21:48:03.714 [main] INFO  TestCases.TC001_AcoountRegistrationTest - ******Providing customer details******
21:48:05.451 [main] INFO  TestCases.TC001_AcoountRegistrationTest - ********Validating expected msg*******
21:48:05.586 [main] ERROR TestCases.TC001_AcoountRegistrationTest - Test failed..
21:48:05.586 [main] DEBUG TestCases.TC001_AcoountRegistrationTest - Debug logs...
21:48:09.388 [main] INFO  TestCases.TC002_LoginTest - ******Starting TC002_LoginTest ******
21:48:11.345 [main] INFO  TestCases.TC002_LoginTest - ******Clicked on click_to_login page******
21:48:11.347 [main] INFO  TestCases.TC002_LoginTest - ******Providing customer valid email and vaild pwd******
21:48:12.577 [main] INFO  TestCases.TC002_LoginTest - ********Validating expected msg*******
21:48:12.577 [main] INFO  TestCases.TC002_LoginTest - ******Finished TC001_AcoountRegistrationTest ******
17:12:55.802 [main] DEBUG org.testng.TestNG - suiteXmlPath: "D:\Java_Programs\OpencartV121\master.xml"
17:12:56.707 [main] INFO  org.testng.internal.Utils - [TestNG] Running:
  D:\Java_Programs\OpencartV121\master.xml

17:20:56.684 [main] DEBUG org.testng.TestNG - suiteXmlPath: "D:\Java_Programs\OpencartV121\master.xml"
17:20:57.161 [main] INFO  org.testng.internal.Utils - [TestNG] Running:
  D:\Java_Programs\OpencartV121\master.xml

17:21:50.381 [main] DEBUG org.testng.TestNG - suiteXmlPath: "D:\Java_Programs\OpencartV121\master.xml"
17:21:50.864 [main] INFO  org.testng.internal.Utils - [TestNG] Running:
  D:\Java_Programs\OpencartV121\master.xml

17:22:49.598 [main] DEBUG org.testng.TestNG - suiteXmlPath: "D:\Java_Programs\OpencartV121\master.xml"
17:22:50.074 [main] INFO  org.testng.internal.Utils - [TestNG] Running:
  D:\Java_Programs\OpencartV121\master.xml

17:25:03.734 [main] DEBUG org.testng.TestNG - suiteXmlPath: "D:\Java_Programs\OpencartV121\master.xml"
17:25:04.219 [main] INFO  org.testng.internal.Utils - [TestNG] Running:
  D:\Java_Programs\OpencartV121\master.xml

17:28:41.953 [main] DEBUG org.testng.TestNG - suiteXmlPath: "D:\Java_Programs\OpencartV121\master.xml"
17:28:42.453 [main] INFO  org.testng.internal.Utils - [TestNG] Running:
  D:\Java_Programs\OpencartV121\master.xml

17:28:55.338 [main] INFO  TestCases.TC001_AcoountRegistrationTest - ******Starting TC001_AcoountRegistrationTest ******
17:28:55.997 [main] INFO  TestCases.TC001_AcoountRegistrationTest - ******Clicked on click_myacc******
17:28:56.676 [main] INFO  TestCases.TC001_AcoountRegistrationTest - ******Clicked on click_register******
17:28:56.686 [main] INFO  TestCases.TC001_AcoountRegistrationTest - ******Providing customer details******
17:28:58.007 [main] INFO  TestCases.TC001_AcoountRegistrationTest - ********Validating expected msg*******
17:28:58.110 [main] INFO  TestCases.TC001_AcoountRegistrationTest - ******Finished TC001_AcoountRegistrationTest ******
17:29:00.951 [main] INFO  TestCases.TC002_LoginTest - ******Starting TC002_LoginTest ******
17:29:02.126 [main] INFO  TestCases.TC002_LoginTest - ******Clicked on click_to_login page******
17:29:02.130 [main] INFO  TestCases.TC002_LoginTest - ******Providing customer valid email and vaild pwd******
17:29:03.097 [main] INFO  TestCases.TC002_LoginTest - ********Validating expected msg*******
17:29:03.097 [main] INFO  TestCases.TC002_LoginTest - ******Finished TC001_AcoountRegistrationTest ******
17:34:56.346 [main] DEBUG org.testng.TestNG - suiteXmlPath: "D:\Java_Programs\OpencartV121\master.xml"
17:34:56.872 [main] INFO  org.testng.internal.Utils - [TestNG] Running:
  D:\Java_Programs\OpencartV121\master.xml

17:35:02.464 [main] INFO  TestCases.TC001_AcoountRegistrationTest - ******Starting TC001_AcoountRegistrationTest ******
17:35:03.342 [main] INFO  TestCases.TC001_AcoountRegistrationTest - ******Clicked on click_myacc******
17:35:03.925 [main] INFO  TestCases.TC001_AcoountRegistrationTest - ******Clicked on click_register******
17:35:03.936 [main] INFO  TestCases.TC001_AcoountRegistrationTest - ******Providing customer details******
17:35:05.483 [main] INFO  TestCases.TC001_AcoountRegistrationTest - ********Validating expected msg*******
17:35:05.566 [main] INFO  TestCases.TC001_AcoountRegistrationTest - ******Finished TC001_AcoountRegistrationTest ******
17:35:09.334 [main] INFO  TestCases.TC002_LoginTest - ******Starting TC002_LoginTest ******
17:35:10.582 [main] INFO  TestCases.TC002_LoginTest - ******Clicked on click_to_login page******
17:35:10.585 [main] INFO  TestCases.TC002_LoginTest - ******Providing customer valid email and vaild pwd******
17:35:11.551 [main] INFO  TestCases.TC002_LoginTest - ********Validating expected msg*******
17:35:11.551 [main] INFO  TestCases.TC002_LoginTest - ******Finished TC001_AcoountRegistrationTest ******
17:37:45.943 [main] DEBUG org.testng.TestNG - suiteXmlPath: "D:\Java_Programs\OpencartV121\master.xml"
17:37:46.685 [main] INFO  org.testng.internal.Utils - [TestNG] Running:
  D:\Java_Programs\OpencartV121\master.xml

17:37:50.411 [main] INFO  TestCases.TC001_AcoountRegistrationTest - ******Starting TC001_AcoountRegistrationTest ******
17:37:51.257 [main] INFO  TestCases.TC001_AcoountRegistrationTest - ******Clicked on click_myacc******
17:37:51.861 [main] INFO  TestCases.TC001_AcoountRegistrationTest - ******Clicked on click_register******
17:37:51.863 [main] INFO  TestCases.TC001_AcoountRegistrationTest - ******Providing customer details******
17:37:53.459 [main] INFO  TestCases.TC001_AcoountRegistrationTest - ********Validating expected msg*******
17:37:53.575 [main] INFO  TestCases.TC001_AcoountRegistrationTest - ******Finished TC001_AcoountRegistrationTest ******
17:37:57.364 [main] INFO  TestCases.TC002_LoginTest - ******Starting TC002_LoginTest ******
17:37:58.672 [main] INFO  TestCases.TC002_LoginTest - ******Clicked on click_to_login page******
17:37:58.675 [main] INFO  TestCases.TC002_LoginTest - ******Providing customer valid email and vaild pwd******
17:37:59.797 [main] INFO  TestCases.TC002_LoginTest - ********Validating expected msg*******
17:37:59.797 [main] INFO  TestCases.TC002_LoginTest - ******Finished TC001_AcoountRegistrationTest ******
17:38:18.485 [main] DEBUG org.testng.TestNG - suiteXmlPath: "D:\Java_Programs\OpencartV121\master.xml"
17:38:18.996 [main] INFO  org.testng.internal.Utils - [TestNG] Running:
  D:\Java_Programs\OpencartV121\master.xml

17:38:23.448 [main] INFO  TestCases.TC001_AcoountRegistrationTest - ******Starting TC001_AcoountRegistrationTest ******
17:38:23.763 [main] INFO  TestCases.TC001_AcoountRegistrationTest - ******Clicked on click_myacc******
17:38:24.468 [main] INFO  TestCases.TC001_AcoountRegistrationTest - ******Clicked on click_register******
17:38:24.475 [main] INFO  TestCases.TC001_AcoountRegistrationTest - ******Providing customer details******
17:38:26.148 [main] INFO  TestCases.TC001_AcoountRegistrationTest - ********Validating expected msg*******
17:38:26.566 [main] INFO  TestCases.TC001_AcoountRegistrationTest - ******Finished TC001_AcoountRegistrationTest ******
17:38:29.628 [main] INFO  TestCases.TC002_LoginTest - ******Starting TC002_LoginTest ******
17:38:31.216 [main] INFO  TestCases.TC002_LoginTest - ******Clicked on click_to_login page******
17:38:31.226 [main] INFO  TestCases.TC002_LoginTest - ******Providing customer valid email and vaild pwd******
17:38:32.237 [main] INFO  TestCases.TC002_LoginTest - ********Validating expected msg*******
17:38:32.238 [main] INFO  TestCases.TC002_LoginTest - ******Finished TC001_AcoountRegistrationTest ******
17:41:17.796 [main] DEBUG org.testng.TestNG - suiteXmlPath: "D:\Java_Programs\OpencartV121\crossBrowserTesting.xml"
17:41:19.275 [main] INFO  org.testng.internal.Utils - [TestNG] Running:
  D:\Java_Programs\OpencartV121\crossBrowserTesting.xml

17:41:20.094 [TestNG-tests-3] INFO  TestCases.TC001_AcoountRegistrationTest - ******Starting TC001_AcoountRegistrationTest ******
17:41:27.390 [TestNG-tests-1] INFO  TestCases.TC001_AcoountRegistrationTest - ******Starting TC001_AcoountRegistrationTest ******
17:41:27.751 [TestNG-tests-1] INFO  TestCases.TC001_AcoountRegistrationTest - ******Clicked on click_myacc******
17:41:28.430 [TestNG-tests-1] INFO  TestCases.TC001_AcoountRegistrationTest - ******Clicked on click_register******
17:41:28.433 [TestNG-tests-1] INFO  TestCases.TC001_AcoountRegistrationTest - ******Providing customer details******
17:41:30.284 [TestNG-tests-1] INFO  TestCases.TC001_AcoountRegistrationTest - ********Validating expected msg*******
17:41:30.751 [TestNG-tests-1] INFO  TestCases.TC001_AcoountRegistrationTest - ******Finished TC001_AcoountRegistrationTest ******
17:42:59.048 [TestNG-tests-2] INFO  TestCases.TC001_AcoountRegistrationTest - ******Starting TC001_AcoountRegistrationTest ******
17:42:59.331 [TestNG-tests-2] INFO  TestCases.TC001_AcoountRegistrationTest - ******Clicked on click_myacc******
17:43:00.497 [TestNG-tests-2] INFO  TestCases.TC001_AcoountRegistrationTest - ******Clicked on click_register******
17:43:00.498 [TestNG-tests-2] INFO  TestCases.TC001_AcoountRegistrationTest - ******Providing customer details******
17:43:04.394 [TestNG-tests-2] INFO  TestCases.TC001_AcoountRegistrationTest - ********Validating expected msg*******
17:43:04.494 [TestNG-tests-2] INFO  TestCases.TC001_AcoountRegistrationTest - ******Finished TC001_AcoountRegistrationTest ******
12:30:01.885 [main] DEBUG org.testng.TestNG - suiteXmlPath: "D:\Java_Programs\OpencartV121\docker-grid.xml"
12:30:02.592 [main] INFO  org.testng.internal.Utils - [TestNG] Running:
  D:\Java_Programs\OpencartV121\docker-grid.xml

12:35:24.358 [main] DEBUG org.testng.TestNG - suiteXmlPath: "D:\Java_Programs\OpencartV121\docker-grid.xml"
12:35:24.957 [main] INFO  org.testng.internal.Utils - [TestNG] Running:
  D:\Java_Programs\OpencartV121\docker-grid.xml

12:35:36.844 [main] DEBUG org.apache.poi.openxml4j.opc.PackageRelationshipCollection - Parsing relationship: /xl/_rels/workbook.xml.rels
12:35:36.850 [main] DEBUG org.apache.poi.openxml4j.opc.PackageRelationshipCollection - Parsing relationship: /xl/worksheets/_rels/sheet1.xml.rels
12:35:36.853 [main] DEBUG org.apache.poi.openxml4j.opc.PackageRelationshipCollection - Parsing relationship: /_rels/.rels
12:35:37.667 [main] DEBUG org.apache.poi.ooxml.POIXMLFactory - using default POIXMLDocumentPart for http://schemas.openxmlformats.org/officeDocument/2006/relationships/printerSettings
12:35:37.887 [main] DEBUG org.apache.poi.openxml4j.opc.PackageRelationshipCollection - Parsing relationship: /xl/_rels/workbook.xml.rels
12:35:37.889 [main] DEBUG org.apache.poi.openxml4j.opc.PackageRelationshipCollection - Parsing relationship: /xl/worksheets/_rels/sheet1.xml.rels
12:35:37.891 [main] DEBUG org.apache.poi.openxml4j.opc.PackageRelationshipCollection - Parsing relationship: /_rels/.rels
12:35:37.919 [main] DEBUG org.apache.poi.ooxml.POIXMLFactory - using default POIXMLDocumentPart for http://schemas.openxmlformats.org/officeDocument/2006/relationships/printerSettings
12:35:37.944 [main] DEBUG org.apache.poi.openxml4j.opc.PackageRelationshipCollection - Parsing relationship: /xl/_rels/workbook.xml.rels
12:35:37.946 [main] DEBUG org.apache.poi.openxml4j.opc.PackageRelationshipCollection - Parsing relationship: /xl/worksheets/_rels/sheet1.xml.rels
12:35:37.948 [main] DEBUG org.apache.poi.openxml4j.opc.PackageRelationshipCollection - Parsing relationship: /_rels/.rels
12:35:37.970 [main] DEBUG org.apache.poi.ooxml.POIXMLFactory - using default POIXMLDocumentPart for http://schemas.openxmlformats.org/officeDocument/2006/relationships/printerSettings
12:35:38.014 [main] DEBUG org.apache.poi.openxml4j.opc.PackageRelationshipCollection - Parsing relationship: /xl/_rels/workbook.xml.rels
12:35:38.016 [main] DEBUG org.apache.poi.openxml4j.opc.PackageRelationshipCollection - Parsing relationship: /xl/worksheets/_rels/sheet1.xml.rels
12:35:38.018 [main] DEBUG org.apache.poi.openxml4j.opc.PackageRelationshipCollection - Parsing relationship: /_rels/.rels
12:35:38.043 [main] DEBUG org.apache.poi.ooxml.POIXMLFactory - using default POIXMLDocumentPart for http://schemas.openxmlformats.org/officeDocument/2006/relationships/printerSettings
12:35:38.078 [main] DEBUG org.apache.poi.openxml4j.opc.PackageRelationshipCollection - Parsing relationship: /xl/_rels/workbook.xml.rels
12:35:38.080 [main] DEBUG org.apache.poi.openxml4j.opc.PackageRelationshipCollection - Parsing relationship: /xl/worksheets/_rels/sheet1.xml.rels
12:35:38.081 [main] DEBUG org.apache.poi.openxml4j.opc.PackageRelationshipCollection - Parsing relationship: /_rels/.rels
12:35:38.099 [main] DEBUG org.apache.poi.ooxml.POIXMLFactory - using default POIXMLDocumentPart for http://schemas.openxmlformats.org/officeDocument/2006/relationships/printerSettings
12:35:38.128 [main] DEBUG org.apache.poi.openxml4j.opc.PackageRelationshipCollection - Parsing relationship: /xl/_rels/workbook.xml.rels
12:35:38.130 [main] DEBUG org.apache.poi.openxml4j.opc.PackageRelationshipCollection - Parsing relationship: /xl/worksheets/_rels/sheet1.xml.rels
12:35:38.131 [main] DEBUG org.apache.poi.openxml4j.opc.PackageRelationshipCollection - Parsing relationship: /_rels/.rels
12:35:38.162 [main] DEBUG org.apache.poi.ooxml.POIXMLFactory - using default POIXMLDocumentPart for http://schemas.openxmlformats.org/officeDocument/2006/relationships/printerSettings
12:35:38.202 [main] DEBUG org.apache.poi.openxml4j.opc.PackageRelationshipCollection - Parsing relationship: /xl/_rels/workbook.xml.rels
12:35:38.203 [main] DEBUG org.apache.poi.openxml4j.opc.PackageRelationshipCollection - Parsing relationship: /xl/worksheets/_rels/sheet1.xml.rels
12:35:38.205 [main] DEBUG org.apache.poi.openxml4j.opc.PackageRelationshipCollection - Parsing relationship: /_rels/.rels
12:35:38.226 [main] DEBUG org.apache.poi.ooxml.POIXMLFactory - using default POIXMLDocumentPart for http://schemas.openxmlformats.org/officeDocument/2006/relationships/printerSettings
12:35:38.247 [main] DEBUG org.apache.poi.openxml4j.opc.PackageRelationshipCollection - Parsing relationship: /xl/_rels/workbook.xml.rels
12:35:38.251 [main] DEBUG org.apache.poi.openxml4j.opc.PackageRelationshipCollection - Parsing relationship: /xl/worksheets/_rels/sheet1.xml.rels
12:35:38.255 [main] DEBUG org.apache.poi.openxml4j.opc.PackageRelationshipCollection - Parsing relationship: /_rels/.rels
12:35:38.277 [main] DEBUG org.apache.poi.ooxml.POIXMLFactory - using default POIXMLDocumentPart for http://schemas.openxmlformats.org/officeDocument/2006/relationships/printerSettings
12:35:38.309 [main] DEBUG org.apache.poi.openxml4j.opc.PackageRelationshipCollection - Parsing relationship: /xl/_rels/workbook.xml.rels
12:35:38.311 [main] DEBUG org.apache.poi.openxml4j.opc.PackageRelationshipCollection - Parsing relationship: /xl/worksheets/_rels/sheet1.xml.rels
12:35:38.313 [main] DEBUG org.apache.poi.openxml4j.opc.PackageRelationshipCollection - Parsing relationship: /_rels/.rels
12:35:38.339 [main] DEBUG org.apache.poi.ooxml.POIXMLFactory - using default POIXMLDocumentPart for http://schemas.openxmlformats.org/officeDocument/2006/relationships/printerSettings
12:35:38.367 [main] DEBUG org.apache.poi.openxml4j.opc.PackageRelationshipCollection - Parsing relationship: /xl/_rels/workbook.xml.rels
12:35:38.369 [main] DEBUG org.apache.poi.openxml4j.opc.PackageRelationshipCollection - Parsing relationship: /xl/worksheets/_rels/sheet1.xml.rels
12:35:38.370 [main] DEBUG org.apache.poi.openxml4j.opc.PackageRelationshipCollection - Parsing relationship: /_rels/.rels
12:35:38.385 [main] DEBUG org.apache.poi.ooxml.POIXMLFactory - using default POIXMLDocumentPart for http://schemas.openxmlformats.org/officeDocument/2006/relationships/printerSettings
12:35:38.408 [main] DEBUG org.apache.poi.openxml4j.opc.PackageRelationshipCollection - Parsing relationship: /xl/_rels/workbook.xml.rels
12:35:38.410 [main] DEBUG org.apache.poi.openxml4j.opc.PackageRelationshipCollection - Parsing relationship: /xl/worksheets/_rels/sheet1.xml.rels
12:35:38.411 [main] DEBUG org.apache.poi.openxml4j.opc.PackageRelationshipCollection - Parsing relationship: /_rels/.rels
12:35:38.430 [main] DEBUG org.apache.poi.ooxml.POIXMLFactory - using default POIXMLDocumentPart for http://schemas.openxmlformats.org/officeDocument/2006/relationships/printerSettings
12:35:38.468 [main] DEBUG org.apache.poi.openxml4j.opc.PackageRelationshipCollection - Parsing relationship: /xl/_rels/workbook.xml.rels
12:35:38.469 [main] DEBUG org.apache.poi.openxml4j.opc.PackageRelationshipCollection - Parsing relationship: /xl/worksheets/_rels/sheet1.xml.rels
12:35:38.471 [main] DEBUG org.apache.poi.openxml4j.opc.PackageRelationshipCollection - Parsing relationship: /_rels/.rels
12:35:38.484 [main] DEBUG org.apache.poi.ooxml.POIXMLFactory - using default POIXMLDocumentPart for http://schemas.openxmlformats.org/officeDocument/2006/relationships/printerSettings
12:35:38.510 [main] DEBUG org.apache.poi.openxml4j.opc.PackageRelationshipCollection - Parsing relationship: /xl/_rels/workbook.xml.rels
12:35:38.513 [main] DEBUG org.apache.poi.openxml4j.opc.PackageRelationshipCollection - Parsing relationship: /xl/worksheets/_rels/sheet1.xml.rels
12:35:38.514 [main] DEBUG org.apache.poi.openxml4j.opc.PackageRelationshipCollection - Parsing relationship: /_rels/.rels
12:35:38.531 [main] DEBUG org.apache.poi.ooxml.POIXMLFactory - using default POIXMLDocumentPart for http://schemas.openxmlformats.org/officeDocument/2006/relationships/printerSettings
12:35:38.557 [main] DEBUG org.apache.poi.openxml4j.opc.PackageRelationshipCollection - Parsing relationship: /xl/_rels/workbook.xml.rels
12:35:38.559 [main] DEBUG org.apache.poi.openxml4j.opc.PackageRelationshipCollection - Parsing relationship: /xl/worksheets/_rels/sheet1.xml.rels
12:35:38.560 [main] DEBUG org.apache.poi.openxml4j.opc.PackageRelationshipCollection - Parsing relationship: /_rels/.rels
12:35:38.575 [main] DEBUG org.apache.poi.ooxml.POIXMLFactory - using default POIXMLDocumentPart for http://schemas.openxmlformats.org/officeDocument/2006/relationships/printerSettings
12:35:38.594 [main] DEBUG org.apache.poi.openxml4j.opc.PackageRelationshipCollection - Parsing relationship: /xl/_rels/workbook.xml.rels
12:35:38.596 [main] DEBUG org.apache.poi.openxml4j.opc.PackageRelationshipCollection - Parsing relationship: /xl/worksheets/_rels/sheet1.xml.rels
12:35:38.597 [main] DEBUG org.apache.poi.openxml4j.opc.PackageRelationshipCollection - Parsing relationship: /_rels/.rels
12:35:38.616 [main] DEBUG org.apache.poi.ooxml.POIXMLFactory - using default POIXMLDocumentPart for http://schemas.openxmlformats.org/officeDocument/2006/relationships/printerSettings
12:35:38.639 [main] DEBUG org.apache.poi.openxml4j.opc.PackageRelationshipCollection - Parsing relationship: /xl/_rels/workbook.xml.rels
12:35:38.642 [main] DEBUG org.apache.poi.openxml4j.opc.PackageRelationshipCollection - Parsing relationship: /xl/worksheets/_rels/sheet1.xml.rels
12:35:38.643 [main] DEBUG org.apache.poi.openxml4j.opc.PackageRelationshipCollection - Parsing relationship: /_rels/.rels
12:35:38.659 [main] DEBUG org.apache.poi.ooxml.POIXMLFactory - using default POIXMLDocumentPart for http://schemas.openxmlformats.org/officeDocument/2006/relationships/printerSettings
12:35:38.678 [main] DEBUG org.apache.poi.openxml4j.opc.PackageRelationshipCollection - Parsing relationship: /xl/_rels/workbook.xml.rels
12:35:38.679 [main] DEBUG org.apache.poi.openxml4j.opc.PackageRelationshipCollection - Parsing relationship: /xl/worksheets/_rels/sheet1.xml.rels
12:35:38.680 [main] DEBUG org.apache.poi.openxml4j.opc.PackageRelationshipCollection - Parsing relationship: /_rels/.rels
12:35:38.699 [main] DEBUG org.apache.poi.ooxml.POIXMLFactory - using default POIXMLDocumentPart for http://schemas.openxmlformats.org/officeDocument/2006/relationships/printerSettings
12:36:29.436 [main] DEBUG org.testng.TestNG - suiteXmlPath: "D:\Java_Programs\OpencartV121\docker-grid.xml"
12:36:30.009 [main] INFO  org.testng.internal.Utils - [TestNG] Running:
  D:\Java_Programs\OpencartV121\docker-grid.xml

13:18:04.073 [main] DEBUG org.testng.TestNG - suiteXmlPath: "D:\Java_Programs\OpencartV121\master.xml"
13:18:04.627 [main] INFO  org.testng.internal.Utils - [TestNG] Running:
  D:\Java_Programs\OpencartV121\master.xml

13:19:38.987 [main] DEBUG org.testng.TestNG - suiteXmlPath: "D:\Java_Programs\OpencartV121\master.xml"
13:19:39.780 [main] INFO  org.testng.internal.Utils - [TestNG] Running:
  D:\Java_Programs\OpencartV121\master.xml

13:19:45.957 [main] INFO  TestCases.TC001_AcoountRegistrationTest - ******Starting TC001_AcoountRegistrationTest ******
13:19:46.823 [main] INFO  TestCases.TC001_AcoountRegistrationTest - ******Clicked on click_myacc******
13:19:47.608 [main] INFO  TestCases.TC001_AcoountRegistrationTest - ******Clicked on click_register******
13:19:47.613 [main] INFO  TestCases.TC001_AcoountRegistrationTest - ******Providing customer details******
13:19:49.669 [main] INFO  TestCases.TC001_AcoountRegistrationTest - ********Validating expected msg*******
13:19:49.779 [main] INFO  TestCases.TC001_AcoountRegistrationTest - ******Finished TC001_AcoountRegistrationTest ******
13:19:53.172 [main] INFO  TestCases.TC002_LoginTest - ******Starting TC002_LoginTest ******
13:19:53.802 [main] INFO  TestCases.TC002_LoginTest - ******Clicked on click_to_login page******
13:19:53.805 [main] INFO  TestCases.TC002_LoginTest - ******Providing customer valid email and vaild pwd******
13:19:55.247 [main] INFO  TestCases.TC002_LoginTest - ********Validating expected msg*******
13:19:55.247 [main] INFO  TestCases.TC002_LoginTest - ******Finished TC001_AcoountRegistrationTest ******
13:21:08.754 [main] INFO  TestCases.TC002_LoginTest - ******Starting TC002_LoginTest ******
13:21:10.368 [main] INFO  TestCases.TC002_LoginTest - ******Clicked on click_to_login page******
13:21:10.370 [main] INFO  TestCases.TC002_LoginTest - ******Providing customer valid email and vaild pwd******
13:21:11.589 [main] INFO  TestCases.TC002_LoginTest - ********Validating expected msg*******
13:21:11.594 [main] INFO  TestCases.TC002_LoginTest - ******Finished TC001_AcoountRegistrationTest ******
